2024-05-18T01:47:16.289469+00:00 INFO 'ansible_navigator.setup_logger' New ansible-navigator instance, logging initialized
2024-05-18T01:47:16.289943+00:00 INFO 'ansible_navigator.setup_logger' New ansible-runner instance, logging initialized
2024-05-18T01:47:16.290010+00:00 DEBUG 'ansible_navigator.main' ansible-builder==1.1.0 /usr/lib/python3.9/site-packages
2024-05-18T01:47:16.290038+00:00 DEBUG 'ansible_navigator.main' ansible-compat==2.0.2 /usr/lib/python3.9/site-packages
2024-05-18T01:47:16.290062+00:00 DEBUG 'ansible_navigator.main' ansible-core==2.13.0 /usr/lib/python3.9/site-packages
2024-05-18T01:47:16.290083+00:00 DEBUG 'ansible_navigator.main' ansible-lint==6.0.2 /usr/lib/python3.9/site-packages
2024-05-18T01:47:16.290103+00:00 DEBUG 'ansible_navigator.main' ansible-navigator==2.1.0 /usr/lib/python3.9/site-packages
2024-05-18T01:47:16.290123+00:00 DEBUG 'ansible_navigator.main' ansible-runner==2.2.0 /usr/lib/python3.9/site-packages
2024-05-18T01:47:16.290144+00:00 DEBUG 'ansible_navigator.main' attrs==21.4.0 /usr/lib/python3.9/site-packages
2024-05-18T01:47:16.290163+00:00 DEBUG 'ansible_navigator.main' bindep==2.10.2 /usr/lib/python3.9/site-packages
2024-05-18T01:47:16.290182+00:00 DEBUG 'ansible_navigator.main' bracex==2.2.1 /usr/lib/python3.9/site-packages
2024-05-18T01:47:16.290202+00:00 DEBUG 'ansible_navigator.main' cffi==1.14.3 /usr/lib64/python3.9/site-packages
2024-05-18T01:47:16.290243+00:00 DEBUG 'ansible_navigator.main' commonmark==0.9.1 /usr/lib/python3.9/site-packages
2024-05-18T01:47:16.290265+00:00 DEBUG 'ansible_navigator.main' cryptography==3.3.1 /usr/lib64/python3.9/site-packages
2024-05-18T01:47:16.290285+00:00 DEBUG 'ansible_navigator.main' distro==1.6.0 /usr/lib/python3.9/site-packages
2024-05-18T01:47:16.290304+00:00 DEBUG 'ansible_navigator.main' docutils==0.16 /usr/lib/python3.9/site-packages
2024-05-18T01:47:16.290324+00:00 DEBUG 'ansible_navigator.main' enrich==1.2.7 /usr/lib/python3.9/site-packages
2024-05-18T01:47:16.290343+00:00 DEBUG 'ansible_navigator.main' flake8==3.9.2 /usr/lib/python3.9/site-packages
2024-05-18T01:47:16.290373+00:00 DEBUG 'ansible_navigator.main' future==0.18.2 /usr/lib/python3.9/site-packages
2024-05-18T01:47:16.290394+00:00 DEBUG 'ansible_navigator.main' idna==2.10 /usr/lib/python3.9/site-packages
2024-05-18T01:47:16.290414+00:00 DEBUG 'ansible_navigator.main' importlib-metadata==4.10.1 /usr/lib/python3.9/site-packages
2024-05-18T01:47:16.290433+00:00 DEBUG 'ansible_navigator.main' jinja2==3.0.3 /usr/lib/python3.9/site-packages
2024-05-18T01:47:16.290452+00:00 DEBUG 'ansible_navigator.main' jsonschema==3.2.0 /usr/lib/python3.9/site-packages
2024-05-18T01:47:16.290472+00:00 DEBUG 'ansible_navigator.main' lockfile==0.12.2 /usr/lib/python3.9/site-packages
2024-05-18T01:47:16.290491+00:00 DEBUG 'ansible_navigator.main' markupsafe==2.1.0 /usr/lib64/python3.9/site-packages
2024-05-18T01:47:16.290510+00:00 DEBUG 'ansible_navigator.main' mccabe==0.6.1 /usr/lib/python3.9/site-packages
2024-05-18T01:47:16.290529+00:00 DEBUG 'ansible_navigator.main' onigurumacffi==1.1.0 /usr/lib64/python3.9/site-packages
2024-05-18T01:47:16.290558+00:00 DEBUG 'ansible_navigator.main' packaging==21.2 /usr/lib/python3.9/site-packages
2024-05-18T01:47:16.290580+00:00 DEBUG 'ansible_navigator.main' parsley==1.3 /usr/lib/python3.9/site-packages
2024-05-18T01:47:16.290600+00:00 DEBUG 'ansible_navigator.main' pathspec==0.9.0 /usr/lib/python3.9/site-packages
2024-05-18T01:47:16.290619+00:00 DEBUG 'ansible_navigator.main' pbr==5.8.1 /usr/lib/python3.9/site-packages
2024-05-18T01:47:16.290637+00:00 DEBUG 'ansible_navigator.main' pexpect==4.8.0 /usr/lib/python3.9/site-packages
2024-05-18T01:47:16.290657+00:00 DEBUG 'ansible_navigator.main' pip==20.2.4 /usr/lib/python3.9/site-packages
2024-05-18T01:47:16.290675+00:00 DEBUG 'ansible_navigator.main' ply==3.11 /usr/lib/python3.9/site-packages
2024-05-18T01:47:16.290718+00:00 DEBUG 'ansible_navigator.main' ptyprocess==0.6.0 /usr/lib/python3.9/site-packages
2024-05-18T01:47:16.290744+00:00 DEBUG 'ansible_navigator.main' pycodestyle==2.7.0 /usr/lib/python3.9/site-packages
2024-05-18T01:47:16.290771+00:00 DEBUG 'ansible_navigator.main' pycparser==2.20 /usr/lib/python3.9/site-packages
2024-05-18T01:47:16.290790+00:00 DEBUG 'ansible_navigator.main' pyflakes==2.3.1 /usr/lib/python3.9/site-packages
2024-05-18T01:47:16.290810+00:00 DEBUG 'ansible_navigator.main' pygments==2.11.2 /usr/lib/python3.9/site-packages
2024-05-18T01:47:16.290828+00:00 DEBUG 'ansible_navigator.main' pyparsing==2.4.7 /usr/lib/python3.9/site-packages
2024-05-18T01:47:16.290847+00:00 DEBUG 'ansible_navigator.main' pyrsistent==0.18.1 /usr/lib64/python3.9/site-packages
2024-05-18T01:47:16.290866+00:00 DEBUG 'ansible_navigator.main' python-daemon==2.3.0 /usr/lib/python3.9/site-packages
2024-05-18T01:47:16.290885+00:00 DEBUG 'ansible_navigator.main' pyyaml==5.4.1 /usr/lib64/python3.9/site-packages
2024-05-18T01:47:16.290907+00:00 DEBUG 'ansible_navigator.main' requirements-parser==0.2.0 /usr/lib/python3.9/site-packages
2024-05-18T01:47:16.290934+00:00 DEBUG 'ansible_navigator.main' resolvelib==0.5.4 /usr/lib/python3.9/site-packages
2024-05-18T01:47:16.290953+00:00 DEBUG 'ansible_navigator.main' rich==12.0.0 /usr/lib/python3.9/site-packages
2024-05-18T01:47:16.290972+00:00 DEBUG 'ansible_navigator.main' ruamel.yaml.clib==0.2.6 /usr/lib64/python3.9/site-packages
2024-05-18T01:47:16.290991+00:00 DEBUG 'ansible_navigator.main' ruamel.yaml==0.17.21 /usr/lib/python3.9/site-packages
2024-05-18T01:47:16.291011+00:00 DEBUG 'ansible_navigator.main' setuptools==50.3.2 /usr/lib/python3.9/site-packages
2024-05-18T01:47:16.291029+00:00 DEBUG 'ansible_navigator.main' six==1.15.0 /usr/lib/python3.9/site-packages
2024-05-18T01:47:16.291048+00:00 DEBUG 'ansible_navigator.main' subprocess-tee==0.3.5 /usr/lib/python3.9/site-packages
2024-05-18T01:47:16.291067+00:00 DEBUG 'ansible_navigator.main' typing-extensions==3.10.0.2 /usr/lib/python3.9/site-packages
2024-05-18T01:47:16.291086+00:00 DEBUG 'ansible_navigator.main' wcmatch==8.3 /usr/lib/python3.9/site-packages
2024-05-18T01:47:16.291105+00:00 DEBUG 'ansible_navigator.main' yamllint==1.26.3 /usr/lib/python3.9/site-packages
2024-05-18T01:47:16.291125+00:00 DEBUG 'ansible_navigator.main' zipp==3.4.0 /usr/lib/python3.9/site-packages
2024-05-18T01:47:16.291144+00:00 DEBUG 'ansible_navigator.main' Share directory '/usr/lib/python3.9/share/ansible_navigator' not found (development path)
2024-05-18T01:47:16.291163+00:00 DEBUG 'ansible_navigator.main' Share directory '/home/student/.local/share/ansible_navigator' not found (userbase)
2024-05-18T01:47:16.291183+00:00 DEBUG 'ansible_navigator.main' Share directory '/usr/share/ansible_navigator' found (sys.prefix)
2024-05-18T01:47:16.291202+00:00 DEBUG 'ansible_navigator.main' Default collection_doc_cache_path set to: /home/student/.cache/ansible-navigator/collection_doc_cache.db
2024-05-18T01:47:16.291292+00:00 DEBUG 'ansible_navigator.main' EDITOR environment variable not set
2024-05-18T01:47:16.291323+00:00 DEBUG 'ansible_navigator.main' Default editor_command set to: vi +{line_number} {filename}
2024-05-18T01:47:16.291342+00:00 DEBUG 'ansible_navigator.main' No config file set by ANSIBLE_NAVIGATOR_CONFIG
2024-05-18T01:47:16.291363+00:00 DEBUG 'ansible_navigator.main' Looking in /home/student
2024-05-18T01:47:16.291393+00:00 DEBUG 'ansible_navigator.main' Looking for '/home/student/.ansible-navigator.yml', '/home/student/.ansible-navigator.yaml' and '/home/student/.ansible-navigator.json'
2024-05-18T01:47:16.291415+00:00 DEBUG 'ansible_navigator.main' Found 0: 
2024-05-18T01:47:16.291435+00:00 DEBUG 'ansible_navigator.main' Looking in /home/student/build
2024-05-18T01:47:16.291454+00:00 DEBUG 'ansible_navigator.main' Looking for '/home/student/build/ansible-navigator.yml', '/home/student/build/ansible-navigator.yaml' and '/home/student/build/ansible-navigator.json'
2024-05-18T01:47:16.291475+00:00 DEBUG 'ansible_navigator.main' Found 0: 
2024-05-18T01:47:16.291493+00:00 DEBUG 'ansible_navigator.main' All found 0: 
2024-05-18T01:47:16.291512+00:00 DEBUG 'ansible_navigator.main' Using: None
2024-05-18T01:47:16.291531+00:00 DEBUG 'ansible_navigator.main' No valid settings file found, using all default values for settings.
2024-05-18T01:47:16.291560+00:00 DEBUG 'ansible_navigator.main' Command provided: 'doc'
2024-05-18T01:47:16.291589+00:00 DEBUG 'ansible_navigator.main' EE support enabled: using current working directory for 'ansible.cfg'
2024-05-18T01:47:16.291609+00:00 INFO 'ansible_navigator.main' EE support enabled: no 'ansible.cfg' found in current working directory. Tried /home/student/build/ansible.cfg
2024-05-18T01:47:16.291628+00:00 DEBUG 'ansible_navigator.main' Completed post processing for ansible_runner_artifact_dir. (changed=False)
2024-05-18T01:47:16.291648+00:00 DEBUG 'ansible_navigator.main' Completed post processing for ansible_runner_rotate_artifacts_count. (changed=False)
2024-05-18T01:47:16.291667+00:00 DEBUG 'ansible_navigator.main' Completed post processing for ansible_runner_timeout. (changed=False)
2024-05-18T01:47:16.291686+00:00 DEBUG 'ansible_navigator.main' Completed post processing for cmdline. (changed=False)
2024-05-18T01:47:16.291723+00:00 DEBUG 'ansible_navigator.main' Completed post processing for collection_doc_cache_path. (changed=False)
2024-05-18T01:47:16.291744+00:00 DEBUG 'ansible_navigator.main' Completed post processing for container_engine. (changed=True)
2024-05-18T01:47:16.291763+00:00 DEBUG 'ansible_navigator.main'  before: 'auto'
2024-05-18T01:47:16.291781+00:00 DEBUG 'ansible_navigator.main'  after: 'podman'
2024-05-18T01:47:16.291800+00:00 DEBUG 'ansible_navigator.main' Completed post processing for container_options. (changed=False)
2024-05-18T01:47:16.291819+00:00 DEBUG 'ansible_navigator.main' Completed post processing for display_color. (changed=False)
2024-05-18T01:47:16.291837+00:00 DEBUG 'ansible_navigator.main' Completed post processing for execution_environment. (changed=False)
2024-05-18T01:47:16.291856+00:00 DEBUG 'ansible_navigator.main' Completed post processing for execution_environment_image. (changed=False)
2024-05-18T01:47:16.291875+00:00 DEBUG 'ansible_navigator.main' Completed post processing for help_builder. (changed=False)
2024-05-18T01:47:16.291893+00:00 DEBUG 'ansible_navigator.main' Completed post processing for help_config. (changed=False)
2024-05-18T01:47:16.291913+00:00 DEBUG 'ansible_navigator.main' Completed post processing for help_doc. (changed=False)
2024-05-18T01:47:16.291942+00:00 DEBUG 'ansible_navigator.main' Completed post processing for help_inventory. (changed=False)
2024-05-18T01:47:16.291962+00:00 DEBUG 'ansible_navigator.main' Completed post processing for help_playbook. (changed=False)
2024-05-18T01:47:16.291981+00:00 DEBUG 'ansible_navigator.main' Completed post processing for images_details. (changed=False)
2024-05-18T01:47:16.292000+00:00 DEBUG 'ansible_navigator.main' Completed post processing for inventory. (changed=False)
2024-05-18T01:47:16.292019+00:00 DEBUG 'ansible_navigator.main' Completed post processing for inventory_column. (changed=False)
2024-05-18T01:47:16.292038+00:00 DEBUG 'ansible_navigator.main' Completed post processing for log_file. (changed=False)
2024-05-18T01:47:16.292057+00:00 DEBUG 'ansible_navigator.main' Completed post processing for pass_environment_variable. (changed=False)
2024-05-18T01:47:16.292076+00:00 DEBUG 'ansible_navigator.main' Completed post processing for playbook. (changed=False)
2024-05-18T01:47:16.292094+00:00 DEBUG 'ansible_navigator.main' Completed post processing for playbook_artifact_replay. (changed=False)
2024-05-18T01:47:16.292113+00:00 DEBUG 'ansible_navigator.main' Completed post processing for playbook_artifact_save_as. (changed=False)
2024-05-18T01:47:16.292132+00:00 DEBUG 'ansible_navigator.main' Completed post processing for plugin_name. (changed=False)
2024-05-18T01:47:16.292150+00:00 DEBUG 'ansible_navigator.main' Completed post processing for pull_arguments. (changed=False)
2024-05-18T01:47:16.292168+00:00 DEBUG 'ansible_navigator.main' Completed post processing for set_environment_variable. (changed=False)
2024-05-18T01:47:16.292187+00:00 DEBUG 'ansible_navigator.main' Completed post processing for settings_effective. (changed=False)
2024-05-18T01:47:16.292210+00:00 DEBUG 'ansible_navigator.main' Completed post processing for settings_sample. (changed=False)
2024-05-18T01:47:16.292251+00:00 DEBUG 'ansible_navigator.main' Completed post processing for settings_schema. (changed=False)
2024-05-18T01:47:16.292281+00:00 DEBUG 'ansible_navigator.main' Completed post processing for settings_sources. (changed=False)
2024-05-18T01:47:16.292310+00:00 DEBUG 'ansible_navigator.main' Completed post processing for time_zone. (changed=False)
2024-05-18T01:47:16.292330+00:00 DEBUG 'ansible_navigator.main' Completed post processing for execution_environment_volume_mounts. (changed=False)
2024-05-18T01:47:16.292348+00:00 DEBUG 'ansible_navigator.main' Completed post processing for mode. (changed=False)
2024-05-18T01:47:16.292373+00:00 WARNING 'ansible_navigator.main' Configuration errors encountered, rolling back to previous configuration.
2024-05-18T01:47:16.292403+00:00 DEBUG 'ansible_navigator.main' Prior to rollback: ansible_runner_artifact_dir = 'Not set' (Constants/Not set)
2024-05-18T01:47:16.292423+00:00 DEBUG 'ansible_navigator.main' Prior to rollback: ansible_runner_rotate_artifacts_count = 'Not set' (Constants/Not set)
2024-05-18T01:47:16.292442+00:00 DEBUG 'ansible_navigator.main' Prior to rollback: ansible_runner_timeout = 'Not set' (Constants/Not set)
2024-05-18T01:47:16.292460+00:00 DEBUG 'ansible_navigator.main' Prior to rollback: app = 'doc' (str/Command line)
2024-05-18T01:47:16.292480+00:00 DEBUG 'ansible_navigator.main' Prior to rollback: cmdline = 'Not set' (Constants/Not set)
2024-05-18T01:47:16.292499+00:00 DEBUG 'ansible_navigator.main' Prior to rollback: collection_doc_cache_path = '/home/student/.cache/ansible-navigator/collection_doc_cache.db' (str/Defaults)
2024-05-18T01:47:16.292519+00:00 DEBUG 'ansible_navigator.main' Prior to rollback: config = 'Not set' (Constants/Not set)
2024-05-18T01:47:16.292538+00:00 DEBUG 'ansible_navigator.main' Prior to rollback: container_engine = 'podman' (str/Automatically determined)
2024-05-18T01:47:16.292558+00:00 DEBUG 'ansible_navigator.main' Prior to rollback: container_options = 'Not set' (Constants/Not set)
2024-05-18T01:47:16.292586+00:00 DEBUG 'ansible_navigator.main' Prior to rollback: display_color = 'True' (bool/Defaults)
2024-05-18T01:47:16.292607+00:00 DEBUG 'ansible_navigator.main' Prior to rollback: editor_command = 'vi +{line_number} {filename}' (str/Defaults)
2024-05-18T01:47:16.292626+00:00 DEBUG 'ansible_navigator.main' Prior to rollback: editor_console = 'True' (bool/Defaults)
2024-05-18T01:47:16.292646+00:00 DEBUG 'ansible_navigator.main' Prior to rollback: exec_command = '/bin/bash' (str/Defaults)
2024-05-18T01:47:16.292665+00:00 DEBUG 'ansible_navigator.main' Prior to rollback: exec_shell = 'True' (bool/Defaults)
2024-05-18T01:47:16.292685+00:00 DEBUG 'ansible_navigator.main' Prior to rollback: execution_environment = 'True' (bool/Defaults)
2024-05-18T01:47:16.292720+00:00 DEBUG 'ansible_navigator.main' Prior to rollback: execution_environment_image = 'registry.redhat.io/ansible-automation-platform-22/ee-supported-rhel8:latest' (str/Defaults)
2024-05-18T01:47:16.292741+00:00 DEBUG 'ansible_navigator.main' Prior to rollback: execution_environment_volume_mounts = 'Not set' (Constants/Not set)
2024-05-18T01:47:16.292760+00:00 DEBUG 'ansible_navigator.main' Prior to rollback: help_builder = 'False' (bool/Defaults)
2024-05-18T01:47:16.292779+00:00 DEBUG 'ansible_navigator.main' Prior to rollback: help_config = 'False' (bool/Defaults)
2024-05-18T01:47:16.292798+00:00 DEBUG 'ansible_navigator.main' Prior to rollback: help_doc = 'False' (bool/Defaults)
2024-05-18T01:47:16.292817+00:00 DEBUG 'ansible_navigator.main' Prior to rollback: help_inventory = 'False' (bool/Defaults)
2024-05-18T01:47:16.292835+00:00 DEBUG 'ansible_navigator.main' Prior to rollback: help_playbook = 'False' (bool/Defaults)
2024-05-18T01:47:16.292855+00:00 DEBUG 'ansible_navigator.main' Prior to rollback: images_details = '['everything']' (list/Defaults)
2024-05-18T01:47:16.292873+00:00 DEBUG 'ansible_navigator.main' Prior to rollback: inventory = 'Not set' (Constants/Not set)
2024-05-18T01:47:16.292897+00:00 DEBUG 'ansible_navigator.main' Prior to rollback: inventory_column = 'Not set' (Constants/Not set)
2024-05-18T01:47:16.292917+00:00 DEBUG 'ansible_navigator.main' Prior to rollback: lint_config = 'Not set' (Constants/Not set)
2024-05-18T01:47:16.292941+00:00 DEBUG 'ansible_navigator.main' Prior to rollback: lintables = 'Not set' (Constants/Not set)
2024-05-18T01:47:16.292966+00:00 DEBUG 'ansible_navigator.main' Prior to rollback: log_append = 'True' (bool/Defaults)
2024-05-18T01:47:16.292985+00:00 DEBUG 'ansible_navigator.main' Prior to rollback: log_file = '/home/student/build/ansible-navigator.log' (str/Defaults)
2024-05-18T01:47:16.293004+00:00 DEBUG 'ansible_navigator.main' Prior to rollback: log_level = 'warning' (str/Defaults)
2024-05-18T01:47:16.293025+00:00 DEBUG 'ansible_navigator.main' Prior to rollback: mode = 'interactive' (str/Defaults)
2024-05-18T01:47:16.293055+00:00 DEBUG 'ansible_navigator.main' Prior to rollback: osc4 = 'True' (bool/Defaults)
2024-05-18T01:47:16.293081+00:00 DEBUG 'ansible_navigator.main' Prior to rollback: pass_environment_variable = 'Not set' (Constants/Not set)
2024-05-18T01:47:16.293109+00:00 DEBUG 'ansible_navigator.main' Prior to rollback: playbook = 'Not set' (Constants/Not set)
2024-05-18T01:47:16.293136+00:00 DEBUG 'ansible_navigator.main' Prior to rollback: playbook_artifact_enable = 'True' (bool/Defaults)
2024-05-18T01:47:16.293155+00:00 DEBUG 'ansible_navigator.main' Prior to rollback: playbook_artifact_replay = 'Not set' (Constants/Not set)
2024-05-18T01:47:16.293175+00:00 DEBUG 'ansible_navigator.main' Prior to rollback: playbook_artifact_save_as = '{playbook_dir}/{playbook_name}-artifact-{time_stamp}.json' (str/Defaults)
2024-05-18T01:47:16.293194+00:00 DEBUG 'ansible_navigator.main' Prior to rollback: plugin_name = 'Not set' (Constants/Not set)
2024-05-18T01:47:16.293212+00:00 DEBUG 'ansible_navigator.main' Prior to rollback: plugin_type = 'module' (str/Defaults)
2024-05-18T01:47:16.293245+00:00 DEBUG 'ansible_navigator.main' Prior to rollback: pull_arguments = 'Not set' (Constants/Not set)
2024-05-18T01:47:16.293264+00:00 DEBUG 'ansible_navigator.main' Prior to rollback: pull_policy = 'tag' (str/Defaults)
2024-05-18T01:47:16.293283+00:00 DEBUG 'ansible_navigator.main' Prior to rollback: set_environment_variable = 'Not set' (Constants/Not set)
2024-05-18T01:47:16.293308+00:00 DEBUG 'ansible_navigator.main' Prior to rollback: settings_effective = 'False' (bool/Defaults)
2024-05-18T01:47:16.293331+00:00 DEBUG 'ansible_navigator.main' Prior to rollback: settings_sample = 'False' (bool/Defaults)
2024-05-18T01:47:16.293350+00:00 DEBUG 'ansible_navigator.main' Prior to rollback: settings_schema = 'json' (str/Defaults)
2024-05-18T01:47:16.293370+00:00 DEBUG 'ansible_navigator.main' Prior to rollback: settings_sources = 'False' (bool/Defaults)
2024-05-18T01:47:16.293390+00:00 DEBUG 'ansible_navigator.main' Prior to rollback: time_zone = 'UTC' (str/Defaults)
2024-05-18T01:47:16.293417+00:00 DEBUG 'ansible_navigator.main' Prior to rollback: workdir = '/home/student/build' (str/Defaults)
2024-05-18T01:47:16.293438+00:00 DEBUG 'ansible_navigator.main' After rollback: ansible_runner_artifact_dir = 'Not set' (Constants/Not set)
2024-05-18T01:47:16.293457+00:00 DEBUG 'ansible_navigator.main' After rollback: ansible_runner_rotate_artifacts_count = 'Not set' (Constants/Not set)
2024-05-18T01:47:16.293476+00:00 DEBUG 'ansible_navigator.main' After rollback: ansible_runner_timeout = 'Not set' (Constants/Not set)
2024-05-18T01:47:16.293495+00:00 DEBUG 'ansible_navigator.main' After rollback: app = 'Not set' (Constants/Not set)
2024-05-18T01:47:16.293514+00:00 DEBUG 'ansible_navigator.main' After rollback: cmdline = 'Not set' (Constants/Not set)
2024-05-18T01:47:16.293533+00:00 DEBUG 'ansible_navigator.main' After rollback: collection_doc_cache_path = 'Not set' (Constants/Not set)
2024-05-18T01:47:16.293552+00:00 DEBUG 'ansible_navigator.main' After rollback: config = 'Not set' (Constants/Not set)
2024-05-18T01:47:16.293578+00:00 DEBUG 'ansible_navigator.main' After rollback: container_engine = 'Not set' (Constants/Not set)
2024-05-18T01:47:16.293605+00:00 DEBUG 'ansible_navigator.main' After rollback: container_options = 'Not set' (Constants/Not set)
2024-05-18T01:47:16.293625+00:00 DEBUG 'ansible_navigator.main' After rollback: display_color = 'Not set' (Constants/Not set)
2024-05-18T01:47:16.293643+00:00 DEBUG 'ansible_navigator.main' After rollback: editor_command = 'Not set' (Constants/Not set)
2024-05-18T01:47:16.293662+00:00 DEBUG 'ansible_navigator.main' After rollback: editor_console = 'Not set' (Constants/Not set)
2024-05-18T01:47:16.293681+00:00 DEBUG 'ansible_navigator.main' After rollback: exec_command = 'Not set' (Constants/Not set)
2024-05-18T01:47:16.293714+00:00 DEBUG 'ansible_navigator.main' After rollback: exec_shell = 'Not set' (Constants/Not set)
2024-05-18T01:47:16.293735+00:00 DEBUG 'ansible_navigator.main' After rollback: execution_environment = 'Not set' (Constants/Not set)
2024-05-18T01:47:16.293754+00:00 DEBUG 'ansible_navigator.main' After rollback: execution_environment_image = 'Not set' (Constants/Not set)
2024-05-18T01:47:16.293772+00:00 DEBUG 'ansible_navigator.main' After rollback: execution_environment_volume_mounts = 'Not set' (Constants/Not set)
2024-05-18T01:47:16.293792+00:00 DEBUG 'ansible_navigator.main' After rollback: help_builder = 'Not set' (Constants/Not set)
2024-05-18T01:47:16.293810+00:00 DEBUG 'ansible_navigator.main' After rollback: help_config = 'Not set' (Constants/Not set)
2024-05-18T01:47:16.293829+00:00 DEBUG 'ansible_navigator.main' After rollback: help_doc = 'Not set' (Constants/Not set)
2024-05-18T01:47:16.293848+00:00 DEBUG 'ansible_navigator.main' After rollback: help_inventory = 'Not set' (Constants/Not set)
2024-05-18T01:47:16.293866+00:00 DEBUG 'ansible_navigator.main' After rollback: help_playbook = 'Not set' (Constants/Not set)
2024-05-18T01:47:16.293885+00:00 DEBUG 'ansible_navigator.main' After rollback: images_details = 'Not set' (Constants/Not set)
2024-05-18T01:47:16.293904+00:00 DEBUG 'ansible_navigator.main' After rollback: inventory = 'Not set' (Constants/Not set)
2024-05-18T01:47:16.293923+00:00 DEBUG 'ansible_navigator.main' After rollback: inventory_column = 'Not set' (Constants/Not set)
2024-05-18T01:47:16.293944+00:00 DEBUG 'ansible_navigator.main' After rollback: lint_config = 'Not set' (Constants/Not set)
2024-05-18T01:47:16.293972+00:00 DEBUG 'ansible_navigator.main' After rollback: lintables = 'Not set' (Constants/Not set)
2024-05-18T01:47:16.293991+00:00 DEBUG 'ansible_navigator.main' After rollback: log_append = 'Not set' (Constants/Not set)
2024-05-18T01:47:16.294010+00:00 DEBUG 'ansible_navigator.main' After rollback: log_file = 'Not set' (Constants/Not set)
2024-05-18T01:47:16.294028+00:00 DEBUG 'ansible_navigator.main' After rollback: log_level = 'Not set' (Constants/Not set)
2024-05-18T01:47:16.294046+00:00 DEBUG 'ansible_navigator.main' After rollback: mode = 'Not set' (Constants/Not set)
2024-05-18T01:47:16.294065+00:00 DEBUG 'ansible_navigator.main' After rollback: osc4 = 'Not set' (Constants/Not set)
2024-05-18T01:47:16.294084+00:00 DEBUG 'ansible_navigator.main' After rollback: pass_environment_variable = 'Not set' (Constants/Not set)
2024-05-18T01:47:16.294102+00:00 DEBUG 'ansible_navigator.main' After rollback: playbook = 'Not set' (Constants/Not set)
2024-05-18T01:47:16.294121+00:00 DEBUG 'ansible_navigator.main' After rollback: playbook_artifact_enable = 'Not set' (Constants/Not set)
2024-05-18T01:47:16.294140+00:00 DEBUG 'ansible_navigator.main' After rollback: playbook_artifact_replay = 'Not set' (Constants/Not set)
2024-05-18T01:47:16.294159+00:00 DEBUG 'ansible_navigator.main' After rollback: playbook_artifact_save_as = 'Not set' (Constants/Not set)
2024-05-18T01:47:16.294177+00:00 DEBUG 'ansible_navigator.main' After rollback: plugin_name = 'Not set' (Constants/Not set)
2024-05-18T01:47:16.294196+00:00 DEBUG 'ansible_navigator.main' After rollback: plugin_type = 'Not set' (Constants/Not set)
2024-05-18T01:47:16.294236+00:00 DEBUG 'ansible_navigator.main' After rollback: pull_arguments = 'Not set' (Constants/Not set)
2024-05-18T01:47:16.294257+00:00 DEBUG 'ansible_navigator.main' After rollback: pull_policy = 'Not set' (Constants/Not set)
2024-05-18T01:47:16.294276+00:00 DEBUG 'ansible_navigator.main' After rollback: set_environment_variable = 'Not set' (Constants/Not set)
2024-05-18T01:47:16.294295+00:00 DEBUG 'ansible_navigator.main' After rollback: settings_effective = 'Not set' (Constants/Not set)
2024-05-18T01:47:16.294320+00:00 DEBUG 'ansible_navigator.main' After rollback: settings_sample = 'Not set' (Constants/Not set)
2024-05-18T01:47:16.294343+00:00 DEBUG 'ansible_navigator.main' After rollback: settings_schema = 'Not set' (Constants/Not set)
2024-05-18T01:47:16.294363+00:00 DEBUG 'ansible_navigator.main' After rollback: settings_sources = 'Not set' (Constants/Not set)
2024-05-18T01:47:16.294382+00:00 DEBUG 'ansible_navigator.main' After rollback: time_zone = 'Not set' (Constants/Not set)
2024-05-18T01:47:16.294402+00:00 DEBUG 'ansible_navigator.main' After rollback: workdir = 'Not set' (Constants/Not set)
2024-05-18T01:47:16.294430+00:00 DEBUG 'ansible_navigator.main' Configuration rollback complete.
2024-05-18T01:47:16.294449+00:00 DEBUG 'ansible_navigator.main' Collection doc cache not mounted
2024-05-18T01:47:16.294485+00:00 WARNING 'ansible_navigator.main' Issues were found while applying the settings.
2024-05-18T01:47:16.294508+00:00 INFO 'ansible_navigator.main' Command provided: 'doc'
2024-05-18T01:47:16.294534+00:00 ERROR 'ansible_navigator.main' A plugin name or other parameter is required when using the doc subcommand
2024-05-18T01:47:16.294556+00:00 INFO 'ansible_navigator.main' Try again with 'doc <plugin_name>'
2024-05-18T01:47:16.294577+00:00 INFO 'ansible_navigator.main' Configuration failed, using default log file location. (/home/student/build/ansible-navigator.log) Log level set to debug
2024-05-18T01:47:16.294607+00:00 INFO 'ansible_navigator.main' Review the hints and log file to see what went wrong.
2024-05-18T01:55:23.390934+00:00 INFO 'ansible_navigator.setup_logger' New ansible-navigator instance, logging initialized
2024-05-18T01:55:23.391503+00:00 INFO 'ansible_navigator.setup_logger' New ansible-runner instance, logging initialized
2024-05-18T01:55:23.391580+00:00 DEBUG 'ansible_navigator.main' ansible-builder==1.1.0 /usr/lib/python3.9/site-packages
2024-05-18T01:55:23.391611+00:00 DEBUG 'ansible_navigator.main' ansible-compat==2.0.2 /usr/lib/python3.9/site-packages
2024-05-18T01:55:23.391637+00:00 DEBUG 'ansible_navigator.main' ansible-core==2.13.0 /usr/lib/python3.9/site-packages
2024-05-18T01:55:23.391661+00:00 DEBUG 'ansible_navigator.main' ansible-lint==6.0.2 /usr/lib/python3.9/site-packages
2024-05-18T01:55:23.391685+00:00 DEBUG 'ansible_navigator.main' ansible-navigator==2.1.0 /usr/lib/python3.9/site-packages
2024-05-18T01:55:23.391737+00:00 DEBUG 'ansible_navigator.main' ansible-runner==2.2.0 /usr/lib/python3.9/site-packages
2024-05-18T01:55:23.391761+00:00 DEBUG 'ansible_navigator.main' attrs==21.4.0 /usr/lib/python3.9/site-packages
2024-05-18T01:55:23.391784+00:00 DEBUG 'ansible_navigator.main' bindep==2.10.2 /usr/lib/python3.9/site-packages
2024-05-18T01:55:23.391807+00:00 DEBUG 'ansible_navigator.main' bracex==2.2.1 /usr/lib/python3.9/site-packages
2024-05-18T01:55:23.391829+00:00 DEBUG 'ansible_navigator.main' cffi==1.14.3 /usr/lib64/python3.9/site-packages
2024-05-18T01:55:23.391853+00:00 DEBUG 'ansible_navigator.main' commonmark==0.9.1 /usr/lib/python3.9/site-packages
2024-05-18T01:55:23.391876+00:00 DEBUG 'ansible_navigator.main' cryptography==3.3.1 /usr/lib64/python3.9/site-packages
2024-05-18T01:55:23.391898+00:00 DEBUG 'ansible_navigator.main' distro==1.6.0 /usr/lib/python3.9/site-packages
2024-05-18T01:55:23.391921+00:00 DEBUG 'ansible_navigator.main' docutils==0.16 /usr/lib/python3.9/site-packages
2024-05-18T01:55:23.391944+00:00 DEBUG 'ansible_navigator.main' enrich==1.2.7 /usr/lib/python3.9/site-packages
2024-05-18T01:55:23.391966+00:00 DEBUG 'ansible_navigator.main' flake8==3.9.2 /usr/lib/python3.9/site-packages
2024-05-18T01:55:23.392003+00:00 DEBUG 'ansible_navigator.main' future==0.18.2 /usr/lib/python3.9/site-packages
2024-05-18T01:55:23.392026+00:00 DEBUG 'ansible_navigator.main' idna==2.10 /usr/lib/python3.9/site-packages
2024-05-18T01:55:23.392049+00:00 DEBUG 'ansible_navigator.main' importlib-metadata==4.10.1 /usr/lib/python3.9/site-packages
2024-05-18T01:55:23.392071+00:00 DEBUG 'ansible_navigator.main' jinja2==3.0.3 /usr/lib/python3.9/site-packages
2024-05-18T01:55:23.392094+00:00 DEBUG 'ansible_navigator.main' jsonschema==3.2.0 /usr/lib/python3.9/site-packages
2024-05-18T01:55:23.392116+00:00 DEBUG 'ansible_navigator.main' lockfile==0.12.2 /usr/lib/python3.9/site-packages
2024-05-18T01:55:23.392139+00:00 DEBUG 'ansible_navigator.main' markupsafe==2.1.0 /usr/lib64/python3.9/site-packages
2024-05-18T01:55:23.392161+00:00 DEBUG 'ansible_navigator.main' mccabe==0.6.1 /usr/lib/python3.9/site-packages
2024-05-18T01:55:23.392184+00:00 DEBUG 'ansible_navigator.main' onigurumacffi==1.1.0 /usr/lib64/python3.9/site-packages
2024-05-18T01:55:23.392206+00:00 DEBUG 'ansible_navigator.main' packaging==21.2 /usr/lib/python3.9/site-packages
2024-05-18T01:55:23.392228+00:00 DEBUG 'ansible_navigator.main' parsley==1.3 /usr/lib/python3.9/site-packages
2024-05-18T01:55:23.392250+00:00 DEBUG 'ansible_navigator.main' pathspec==0.9.0 /usr/lib/python3.9/site-packages
2024-05-18T01:55:23.392272+00:00 DEBUG 'ansible_navigator.main' pbr==5.8.1 /usr/lib/python3.9/site-packages
2024-05-18T01:55:23.392295+00:00 DEBUG 'ansible_navigator.main' pexpect==4.8.0 /usr/lib/python3.9/site-packages
2024-05-18T01:55:23.392326+00:00 DEBUG 'ansible_navigator.main' pip==20.2.4 /usr/lib/python3.9/site-packages
2024-05-18T01:55:23.392349+00:00 DEBUG 'ansible_navigator.main' ply==3.11 /usr/lib/python3.9/site-packages
2024-05-18T01:55:23.392371+00:00 DEBUG 'ansible_navigator.main' ptyprocess==0.6.0 /usr/lib/python3.9/site-packages
2024-05-18T01:55:23.392393+00:00 DEBUG 'ansible_navigator.main' pycodestyle==2.7.0 /usr/lib/python3.9/site-packages
2024-05-18T01:55:23.392416+00:00 DEBUG 'ansible_navigator.main' pycparser==2.20 /usr/lib/python3.9/site-packages
2024-05-18T01:55:23.392438+00:00 DEBUG 'ansible_navigator.main' pyflakes==2.3.1 /usr/lib/python3.9/site-packages
2024-05-18T01:55:23.392461+00:00 DEBUG 'ansible_navigator.main' pygments==2.11.2 /usr/lib/python3.9/site-packages
2024-05-18T01:55:23.392483+00:00 DEBUG 'ansible_navigator.main' pyparsing==2.4.7 /usr/lib/python3.9/site-packages
2024-05-18T01:55:23.392506+00:00 DEBUG 'ansible_navigator.main' pyrsistent==0.18.1 /usr/lib64/python3.9/site-packages
2024-05-18T01:55:23.392528+00:00 DEBUG 'ansible_navigator.main' python-daemon==2.3.0 /usr/lib/python3.9/site-packages
2024-05-18T01:55:23.392550+00:00 DEBUG 'ansible_navigator.main' pyyaml==5.4.1 /usr/lib64/python3.9/site-packages
2024-05-18T01:55:23.392573+00:00 DEBUG 'ansible_navigator.main' requirements-parser==0.2.0 /usr/lib/python3.9/site-packages
2024-05-18T01:55:23.392595+00:00 DEBUG 'ansible_navigator.main' resolvelib==0.5.4 /usr/lib/python3.9/site-packages
2024-05-18T01:55:23.392617+00:00 DEBUG 'ansible_navigator.main' rich==12.0.0 /usr/lib/python3.9/site-packages
2024-05-18T01:55:23.392639+00:00 DEBUG 'ansible_navigator.main' ruamel.yaml.clib==0.2.6 /usr/lib64/python3.9/site-packages
2024-05-18T01:55:23.392662+00:00 DEBUG 'ansible_navigator.main' ruamel.yaml==0.17.21 /usr/lib/python3.9/site-packages
2024-05-18T01:55:23.392684+00:00 DEBUG 'ansible_navigator.main' setuptools==50.3.2 /usr/lib/python3.9/site-packages
2024-05-18T01:55:23.392720+00:00 DEBUG 'ansible_navigator.main' six==1.15.0 /usr/lib/python3.9/site-packages
2024-05-18T01:55:23.392742+00:00 DEBUG 'ansible_navigator.main' subprocess-tee==0.3.5 /usr/lib/python3.9/site-packages
2024-05-18T01:55:23.392764+00:00 DEBUG 'ansible_navigator.main' typing-extensions==3.10.0.2 /usr/lib/python3.9/site-packages
2024-05-18T01:55:23.392787+00:00 DEBUG 'ansible_navigator.main' wcmatch==8.3 /usr/lib/python3.9/site-packages
2024-05-18T01:55:23.392809+00:00 DEBUG 'ansible_navigator.main' yamllint==1.26.3 /usr/lib/python3.9/site-packages
2024-05-18T01:55:23.392842+00:00 DEBUG 'ansible_navigator.main' zipp==3.4.0 /usr/lib/python3.9/site-packages
2024-05-18T01:55:23.392865+00:00 DEBUG 'ansible_navigator.main' Share directory '/usr/lib/python3.9/share/ansible_navigator' not found (development path)
2024-05-18T01:55:23.392899+00:00 DEBUG 'ansible_navigator.main' Share directory '/home/student/.local/share/ansible_navigator' not found (userbase)
2024-05-18T01:55:23.392936+00:00 DEBUG 'ansible_navigator.main' Share directory '/usr/share/ansible_navigator' found (sys.prefix)
2024-05-18T01:55:23.392960+00:00 DEBUG 'ansible_navigator.main' Default collection_doc_cache_path set to: /home/student/.cache/ansible-navigator/collection_doc_cache.db
2024-05-18T01:55:23.392984+00:00 DEBUG 'ansible_navigator.main' EDITOR environment variable not set
2024-05-18T01:55:23.393007+00:00 DEBUG 'ansible_navigator.main' Default editor_command set to: vi +{line_number} {filename}
2024-05-18T01:55:23.393029+00:00 DEBUG 'ansible_navigator.main' No config file set by ANSIBLE_NAVIGATOR_CONFIG
2024-05-18T01:55:23.393052+00:00 DEBUG 'ansible_navigator.main' Looking in /home/student
2024-05-18T01:55:23.393075+00:00 DEBUG 'ansible_navigator.main' Looking for '/home/student/.ansible-navigator.yml', '/home/student/.ansible-navigator.yaml' and '/home/student/.ansible-navigator.json'
2024-05-18T01:55:23.393098+00:00 DEBUG 'ansible_navigator.main' Found 0: 
2024-05-18T01:55:23.393121+00:00 DEBUG 'ansible_navigator.main' Looking in /home/student/build
2024-05-18T01:55:23.393143+00:00 DEBUG 'ansible_navigator.main' Looking for '/home/student/build/ansible-navigator.yml', '/home/student/build/ansible-navigator.yaml' and '/home/student/build/ansible-navigator.json'
2024-05-18T01:55:23.393166+00:00 DEBUG 'ansible_navigator.main' Found 1: '/home/student/build/ansible-navigator.yml'
2024-05-18T01:55:23.393187+00:00 DEBUG 'ansible_navigator.main' All found 1: '/home/student/build/ansible-navigator.yml'
2024-05-18T01:55:23.393211+00:00 DEBUG 'ansible_navigator.main' Using: /home/student/build/ansible-navigator.yml
2024-05-18T01:55:23.393233+00:00 DEBUG 'ansible_navigator.main' Using settings file at /home/student/build/ansible-navigator.yml in search path
2024-05-18T01:55:23.393255+00:00 DEBUG 'ansible_navigator.main' Command provided: 'doc'
2024-05-18T01:55:23.393281+00:00 WARNING 'ansible_navigator.main' Configuration errors encountered, rolling back to previous configuration.
2024-05-18T01:55:23.393311+00:00 DEBUG 'ansible_navigator.main' Prior to rollback: ansible_runner_artifact_dir = 'Not set' (Constants/Not set)
2024-05-18T01:55:23.393335+00:00 DEBUG 'ansible_navigator.main' Prior to rollback: ansible_runner_rotate_artifacts_count = 'Not set' (Constants/Not set)
2024-05-18T01:55:23.393357+00:00 DEBUG 'ansible_navigator.main' Prior to rollback: ansible_runner_timeout = 'Not set' (Constants/Not set)
2024-05-18T01:55:23.393379+00:00 DEBUG 'ansible_navigator.main' Prior to rollback: app = 'doc' (str/Command line)
2024-05-18T01:55:23.393401+00:00 DEBUG 'ansible_navigator.main' Prior to rollback: cmdline = 'Not set' (Constants/Not set)
2024-05-18T01:55:23.393424+00:00 DEBUG 'ansible_navigator.main' Prior to rollback: collection_doc_cache_path = '/home/student/.cache/ansible-navigator/collection_doc_cache.db' (str/Defaults)
2024-05-18T01:55:23.393446+00:00 DEBUG 'ansible_navigator.main' Prior to rollback: config = 'Not set' (Constants/Not set)
2024-05-18T01:55:23.393468+00:00 DEBUG 'ansible_navigator.main' Prior to rollback: container_engine = 'auto' (str/Defaults)
2024-05-18T01:55:23.393490+00:00 DEBUG 'ansible_navigator.main' Prior to rollback: container_options = 'Not set' (Constants/Not set)
2024-05-18T01:55:23.393513+00:00 DEBUG 'ansible_navigator.main' Prior to rollback: display_color = 'True' (bool/Defaults)
2024-05-18T01:55:23.393535+00:00 DEBUG 'ansible_navigator.main' Prior to rollback: editor_command = 'vi +{line_number} {filename}' (str/Defaults)
2024-05-18T01:55:23.393557+00:00 DEBUG 'ansible_navigator.main' Prior to rollback: editor_console = 'True' (bool/Defaults)
2024-05-18T01:55:23.393589+00:00 DEBUG 'ansible_navigator.main' Prior to rollback: exec_command = '/bin/bash' (str/Defaults)
2024-05-18T01:55:23.393612+00:00 DEBUG 'ansible_navigator.main' Prior to rollback: exec_shell = 'True' (bool/Defaults)
2024-05-18T01:55:23.393635+00:00 DEBUG 'ansible_navigator.main' Prior to rollback: execution_environment = 'True' (bool/Defaults)
2024-05-18T01:55:23.393657+00:00 DEBUG 'ansible_navigator.main' Prior to rollback: execution_environment_image = 'registry.redhat.io/ansible-automation-platform-22/ee-supported-rhel8:latest' (str/Defaults)
2024-05-18T01:55:23.393679+00:00 DEBUG 'ansible_navigator.main' Prior to rollback: execution_environment_volume_mounts = 'Not set' (Constants/Not set)
2024-05-18T01:55:23.393715+00:00 DEBUG 'ansible_navigator.main' Prior to rollback: help_builder = 'False' (bool/Defaults)
2024-05-18T01:55:23.393738+00:00 DEBUG 'ansible_navigator.main' Prior to rollback: help_config = 'False' (bool/Defaults)
2024-05-18T01:55:23.393759+00:00 DEBUG 'ansible_navigator.main' Prior to rollback: help_doc = 'False' (bool/Defaults)
2024-05-18T01:55:23.393781+00:00 DEBUG 'ansible_navigator.main' Prior to rollback: help_inventory = 'False' (bool/Defaults)
2024-05-18T01:55:23.393803+00:00 DEBUG 'ansible_navigator.main' Prior to rollback: help_playbook = 'False' (bool/Defaults)
2024-05-18T01:55:23.393825+00:00 DEBUG 'ansible_navigator.main' Prior to rollback: images_details = '['everything']' (list/Defaults)
2024-05-18T01:55:23.393847+00:00 DEBUG 'ansible_navigator.main' Prior to rollback: inventory = 'Not set' (Constants/Not set)
2024-05-18T01:55:23.393869+00:00 DEBUG 'ansible_navigator.main' Prior to rollback: inventory_column = 'Not set' (Constants/Not set)
2024-05-18T01:55:23.393892+00:00 DEBUG 'ansible_navigator.main' Prior to rollback: lint_config = 'Not set' (Constants/Not set)
2024-05-18T01:55:23.393913+00:00 DEBUG 'ansible_navigator.main' Prior to rollback: lintables = 'Not set' (Constants/Not set)
2024-05-18T01:55:23.393935+00:00 DEBUG 'ansible_navigator.main' Prior to rollback: log_append = 'True' (bool/Defaults)
2024-05-18T01:55:23.393957+00:00 DEBUG 'ansible_navigator.main' Prior to rollback: log_file = '/home/student/build/ansible-navigator.log' (str/Defaults)
2024-05-18T01:55:23.393979+00:00 DEBUG 'ansible_navigator.main' Prior to rollback: log_level = 'warning' (str/Defaults)
2024-05-18T01:55:23.394001+00:00 DEBUG 'ansible_navigator.main' Prior to rollback: mode = 'interactive' (str/Defaults)
2024-05-18T01:55:23.394023+00:00 DEBUG 'ansible_navigator.main' Prior to rollback: osc4 = 'True' (bool/Defaults)
2024-05-18T01:55:23.394045+00:00 DEBUG 'ansible_navigator.main' Prior to rollback: pass_environment_variable = 'Not set' (Constants/Not set)
2024-05-18T01:55:23.394067+00:00 DEBUG 'ansible_navigator.main' Prior to rollback: playbook = 'Not set' (Constants/Not set)
2024-05-18T01:55:23.394089+00:00 DEBUG 'ansible_navigator.main' Prior to rollback: playbook_artifact_enable = 'True' (bool/Defaults)
2024-05-18T01:55:23.394111+00:00 DEBUG 'ansible_navigator.main' Prior to rollback: playbook_artifact_replay = 'Not set' (Constants/Not set)
2024-05-18T01:55:23.394133+00:00 DEBUG 'ansible_navigator.main' Prior to rollback: playbook_artifact_save_as = '{playbook_dir}/{playbook_name}-artifact-{time_stamp}.json' (str/Defaults)
2024-05-18T01:55:23.394155+00:00 DEBUG 'ansible_navigator.main' Prior to rollback: plugin_name = 'Not set' (Constants/Not set)
2024-05-18T01:55:23.394178+00:00 DEBUG 'ansible_navigator.main' Prior to rollback: plugin_type = 'module' (str/Defaults)
2024-05-18T01:55:23.394200+00:00 DEBUG 'ansible_navigator.main' Prior to rollback: pull_arguments = 'Not set' (Constants/Not set)
2024-05-18T01:55:23.394222+00:00 DEBUG 'ansible_navigator.main' Prior to rollback: pull_policy = 'tag' (str/Defaults)
2024-05-18T01:55:23.394244+00:00 DEBUG 'ansible_navigator.main' Prior to rollback: set_environment_variable = 'Not set' (Constants/Not set)
2024-05-18T01:55:23.394267+00:00 DEBUG 'ansible_navigator.main' Prior to rollback: settings_effective = 'False' (bool/Defaults)
2024-05-18T01:55:23.394297+00:00 DEBUG 'ansible_navigator.main' Prior to rollback: settings_sample = 'False' (bool/Defaults)
2024-05-18T01:55:23.394330+00:00 DEBUG 'ansible_navigator.main' Prior to rollback: settings_schema = 'json' (str/Defaults)
2024-05-18T01:55:23.394352+00:00 DEBUG 'ansible_navigator.main' Prior to rollback: settings_sources = 'False' (bool/Defaults)
2024-05-18T01:55:23.394374+00:00 DEBUG 'ansible_navigator.main' Prior to rollback: time_zone = 'UTC' (str/Defaults)
2024-05-18T01:55:23.394397+00:00 DEBUG 'ansible_navigator.main' Prior to rollback: workdir = '/home/student/build' (str/Defaults)
2024-05-18T01:55:23.394419+00:00 DEBUG 'ansible_navigator.main' After rollback: ansible_runner_artifact_dir = 'Not set' (Constants/Not set)
2024-05-18T01:55:23.394441+00:00 DEBUG 'ansible_navigator.main' After rollback: ansible_runner_rotate_artifacts_count = 'Not set' (Constants/Not set)
2024-05-18T01:55:23.394463+00:00 DEBUG 'ansible_navigator.main' After rollback: ansible_runner_timeout = 'Not set' (Constants/Not set)
2024-05-18T01:55:23.394485+00:00 DEBUG 'ansible_navigator.main' After rollback: app = 'Not set' (Constants/Not set)
2024-05-18T01:55:23.394507+00:00 DEBUG 'ansible_navigator.main' After rollback: cmdline = 'Not set' (Constants/Not set)
2024-05-18T01:55:23.394530+00:00 DEBUG 'ansible_navigator.main' After rollback: collection_doc_cache_path = 'Not set' (Constants/Not set)
2024-05-18T01:55:23.394552+00:00 DEBUG 'ansible_navigator.main' After rollback: config = 'Not set' (Constants/Not set)
2024-05-18T01:55:23.394574+00:00 DEBUG 'ansible_navigator.main' After rollback: container_engine = 'Not set' (Constants/Not set)
2024-05-18T01:55:23.394596+00:00 DEBUG 'ansible_navigator.main' After rollback: container_options = 'Not set' (Constants/Not set)
2024-05-18T01:55:23.394618+00:00 DEBUG 'ansible_navigator.main' After rollback: display_color = 'Not set' (Constants/Not set)
2024-05-18T01:55:23.394640+00:00 DEBUG 'ansible_navigator.main' After rollback: editor_command = 'Not set' (Constants/Not set)
2024-05-18T01:55:23.394662+00:00 DEBUG 'ansible_navigator.main' After rollback: editor_console = 'Not set' (Constants/Not set)
2024-05-18T01:55:23.394684+00:00 DEBUG 'ansible_navigator.main' After rollback: exec_command = 'Not set' (Constants/Not set)
2024-05-18T01:55:23.394717+00:00 DEBUG 'ansible_navigator.main' After rollback: exec_shell = 'Not set' (Constants/Not set)
2024-05-18T01:55:23.394739+00:00 DEBUG 'ansible_navigator.main' After rollback: execution_environment = 'Not set' (Constants/Not set)
2024-05-18T01:55:23.394762+00:00 DEBUG 'ansible_navigator.main' After rollback: execution_environment_image = 'Not set' (Constants/Not set)
2024-05-18T01:55:23.394784+00:00 DEBUG 'ansible_navigator.main' After rollback: execution_environment_volume_mounts = 'Not set' (Constants/Not set)
2024-05-18T01:55:23.394806+00:00 DEBUG 'ansible_navigator.main' After rollback: help_builder = 'Not set' (Constants/Not set)
2024-05-18T01:55:23.394828+00:00 DEBUG 'ansible_navigator.main' After rollback: help_config = 'Not set' (Constants/Not set)
2024-05-18T01:55:23.394850+00:00 DEBUG 'ansible_navigator.main' After rollback: help_doc = 'Not set' (Constants/Not set)
2024-05-18T01:55:23.394873+00:00 DEBUG 'ansible_navigator.main' After rollback: help_inventory = 'Not set' (Constants/Not set)
2024-05-18T01:55:23.394895+00:00 DEBUG 'ansible_navigator.main' After rollback: help_playbook = 'Not set' (Constants/Not set)
2024-05-18T01:55:23.394917+00:00 DEBUG 'ansible_navigator.main' After rollback: images_details = 'Not set' (Constants/Not set)
2024-05-18T01:55:23.394940+00:00 DEBUG 'ansible_navigator.main' After rollback: inventory = 'Not set' (Constants/Not set)
2024-05-18T01:55:23.394962+00:00 DEBUG 'ansible_navigator.main' After rollback: inventory_column = 'Not set' (Constants/Not set)
2024-05-18T01:55:23.394984+00:00 DEBUG 'ansible_navigator.main' After rollback: lint_config = 'Not set' (Constants/Not set)
2024-05-18T01:55:23.395006+00:00 DEBUG 'ansible_navigator.main' After rollback: lintables = 'Not set' (Constants/Not set)
2024-05-18T01:55:23.395033+00:00 DEBUG 'ansible_navigator.main' After rollback: log_append = 'Not set' (Constants/Not set)
2024-05-18T01:55:23.395055+00:00 DEBUG 'ansible_navigator.main' After rollback: log_file = 'Not set' (Constants/Not set)
2024-05-18T01:55:23.395077+00:00 DEBUG 'ansible_navigator.main' After rollback: log_level = 'Not set' (Constants/Not set)
2024-05-18T01:55:23.395099+00:00 DEBUG 'ansible_navigator.main' After rollback: mode = 'Not set' (Constants/Not set)
2024-05-18T01:55:23.395121+00:00 DEBUG 'ansible_navigator.main' After rollback: osc4 = 'Not set' (Constants/Not set)
2024-05-18T01:55:23.395143+00:00 DEBUG 'ansible_navigator.main' After rollback: pass_environment_variable = 'Not set' (Constants/Not set)
2024-05-18T01:55:23.395165+00:00 DEBUG 'ansible_navigator.main' After rollback: playbook = 'Not set' (Constants/Not set)
2024-05-18T01:55:23.395187+00:00 DEBUG 'ansible_navigator.main' After rollback: playbook_artifact_enable = 'Not set' (Constants/Not set)
2024-05-18T01:55:23.395210+00:00 DEBUG 'ansible_navigator.main' After rollback: playbook_artifact_replay = 'Not set' (Constants/Not set)
2024-05-18T01:55:23.395232+00:00 DEBUG 'ansible_navigator.main' After rollback: playbook_artifact_save_as = 'Not set' (Constants/Not set)
2024-05-18T01:55:23.395265+00:00 DEBUG 'ansible_navigator.main' After rollback: plugin_name = 'Not set' (Constants/Not set)
2024-05-18T01:55:23.395298+00:00 DEBUG 'ansible_navigator.main' After rollback: plugin_type = 'Not set' (Constants/Not set)
2024-05-18T01:55:23.395353+00:00 DEBUG 'ansible_navigator.main' After rollback: pull_arguments = 'Not set' (Constants/Not set)
2024-05-18T01:55:23.395379+00:00 DEBUG 'ansible_navigator.main' After rollback: pull_policy = 'Not set' (Constants/Not set)
2024-05-18T01:55:23.395401+00:00 DEBUG 'ansible_navigator.main' After rollback: set_environment_variable = 'Not set' (Constants/Not set)
2024-05-18T01:55:23.395424+00:00 DEBUG 'ansible_navigator.main' After rollback: settings_effective = 'Not set' (Constants/Not set)
2024-05-18T01:55:23.395446+00:00 DEBUG 'ansible_navigator.main' After rollback: settings_sample = 'Not set' (Constants/Not set)
2024-05-18T01:55:23.395468+00:00 DEBUG 'ansible_navigator.main' After rollback: settings_schema = 'Not set' (Constants/Not set)
2024-05-18T01:55:23.395491+00:00 DEBUG 'ansible_navigator.main' After rollback: settings_sources = 'Not set' (Constants/Not set)
2024-05-18T01:55:23.395513+00:00 DEBUG 'ansible_navigator.main' After rollback: time_zone = 'Not set' (Constants/Not set)
2024-05-18T01:55:23.395535+00:00 DEBUG 'ansible_navigator.main' After rollback: workdir = 'Not set' (Constants/Not set)
2024-05-18T01:55:23.395558+00:00 DEBUG 'ansible_navigator.main' Configuration rollback complete.
2024-05-18T01:55:23.395581+00:00 DEBUG 'ansible_navigator.main' Collection doc cache not mounted
2024-05-18T01:55:23.395624+00:00 WARNING 'ansible_navigator.main' Issues were found while applying the settings.
2024-05-18T01:55:23.395649+00:00 INFO 'ansible_navigator.main' Command provided: 'doc'
2024-05-18T01:55:23.395680+00:00 ERROR 'ansible_navigator.main' The following errors were found in the settings file (/home/student/build/ansible-navigator.yml):
2024-05-18T01:55:23.395723+00:00 ERROR 'ansible_navigator.main' In 'ansible-navigator.playbook-artifact': False is not of type 'object'.
2024-05-18T01:55:23.395749+00:00 INFO 'ansible_navigator.main' Check the settings file and compare it to the current version.
2024-05-18T01:55:23.395774+00:00 INFO 'ansible_navigator.main' The current version can be found here: (https://ansible-navigator.readthedocs.io/en/latest/settings/#ansible-navigator-settings)
2024-05-18T01:55:23.395801+00:00 INFO 'ansible_navigator.main' The schema used for validation can be seen with 'ansible-navigator settings --schema'
2024-05-18T01:55:23.395825+00:00 INFO 'ansible_navigator.main' A sample settings file can be created with 'ansible-navigator settings --sample'
2024-05-18T01:55:23.395850+00:00 INFO 'ansible_navigator.main' Configuration failed, using default log file location. (/home/student/build/ansible-navigator.log) Log level set to debug
2024-05-18T01:55:23.395883+00:00 INFO 'ansible_navigator.main' Review the hints and log file to see what went wrong.
2024-05-18T01:55:43.073062+00:00 INFO 'ansible_navigator.setup_logger' New ansible-navigator instance, logging initialized
2024-05-18T01:55:43.073430+00:00 INFO 'ansible_navigator.setup_logger' New ansible-runner instance, logging initialized
2024-05-18T01:55:43.073482+00:00 DEBUG 'ansible_navigator.main' ansible-builder==1.1.0 /usr/lib/python3.9/site-packages
2024-05-18T01:55:43.073509+00:00 DEBUG 'ansible_navigator.main' ansible-compat==2.0.2 /usr/lib/python3.9/site-packages
2024-05-18T01:55:43.073532+00:00 DEBUG 'ansible_navigator.main' ansible-core==2.13.0 /usr/lib/python3.9/site-packages
2024-05-18T01:55:43.073553+00:00 DEBUG 'ansible_navigator.main' ansible-lint==6.0.2 /usr/lib/python3.9/site-packages
2024-05-18T01:55:43.073573+00:00 DEBUG 'ansible_navigator.main' ansible-navigator==2.1.0 /usr/lib/python3.9/site-packages
2024-05-18T01:55:43.073594+00:00 DEBUG 'ansible_navigator.main' ansible-runner==2.2.0 /usr/lib/python3.9/site-packages
2024-05-18T01:55:43.073614+00:00 DEBUG 'ansible_navigator.main' attrs==21.4.0 /usr/lib/python3.9/site-packages
2024-05-18T01:55:43.073634+00:00 DEBUG 'ansible_navigator.main' bindep==2.10.2 /usr/lib/python3.9/site-packages
2024-05-18T01:55:43.073653+00:00 DEBUG 'ansible_navigator.main' bracex==2.2.1 /usr/lib/python3.9/site-packages
2024-05-18T01:55:43.073673+00:00 DEBUG 'ansible_navigator.main' cffi==1.14.3 /usr/lib64/python3.9/site-packages
2024-05-18T01:55:43.073692+00:00 DEBUG 'ansible_navigator.main' commonmark==0.9.1 /usr/lib/python3.9/site-packages
2024-05-18T01:55:43.073728+00:00 DEBUG 'ansible_navigator.main' cryptography==3.3.1 /usr/lib64/python3.9/site-packages
2024-05-18T01:55:43.073749+00:00 DEBUG 'ansible_navigator.main' distro==1.6.0 /usr/lib/python3.9/site-packages
2024-05-18T01:55:43.073768+00:00 DEBUG 'ansible_navigator.main' docutils==0.16 /usr/lib/python3.9/site-packages
2024-05-18T01:55:43.073787+00:00 DEBUG 'ansible_navigator.main' enrich==1.2.7 /usr/lib/python3.9/site-packages
2024-05-18T01:55:43.073807+00:00 DEBUG 'ansible_navigator.main' flake8==3.9.2 /usr/lib/python3.9/site-packages
2024-05-18T01:55:43.073826+00:00 DEBUG 'ansible_navigator.main' future==0.18.2 /usr/lib/python3.9/site-packages
2024-05-18T01:55:43.073845+00:00 DEBUG 'ansible_navigator.main' idna==2.10 /usr/lib/python3.9/site-packages
2024-05-18T01:55:43.073864+00:00 DEBUG 'ansible_navigator.main' importlib-metadata==4.10.1 /usr/lib/python3.9/site-packages
2024-05-18T01:55:43.073883+00:00 DEBUG 'ansible_navigator.main' jinja2==3.0.3 /usr/lib/python3.9/site-packages
2024-05-18T01:55:43.073903+00:00 DEBUG 'ansible_navigator.main' jsonschema==3.2.0 /usr/lib/python3.9/site-packages
2024-05-18T01:55:43.073922+00:00 DEBUG 'ansible_navigator.main' lockfile==0.12.2 /usr/lib/python3.9/site-packages
2024-05-18T01:55:43.073941+00:00 DEBUG 'ansible_navigator.main' markupsafe==2.1.0 /usr/lib64/python3.9/site-packages
2024-05-18T01:55:43.073960+00:00 DEBUG 'ansible_navigator.main' mccabe==0.6.1 /usr/lib/python3.9/site-packages
2024-05-18T01:55:43.073979+00:00 DEBUG 'ansible_navigator.main' onigurumacffi==1.1.0 /usr/lib64/python3.9/site-packages
2024-05-18T01:55:43.073998+00:00 DEBUG 'ansible_navigator.main' packaging==21.2 /usr/lib/python3.9/site-packages
2024-05-18T01:55:43.074017+00:00 DEBUG 'ansible_navigator.main' parsley==1.3 /usr/lib/python3.9/site-packages
2024-05-18T01:55:43.074036+00:00 DEBUG 'ansible_navigator.main' pathspec==0.9.0 /usr/lib/python3.9/site-packages
2024-05-18T01:55:43.074055+00:00 DEBUG 'ansible_navigator.main' pbr==5.8.1 /usr/lib/python3.9/site-packages
2024-05-18T01:55:43.074074+00:00 DEBUG 'ansible_navigator.main' pexpect==4.8.0 /usr/lib/python3.9/site-packages
2024-05-18T01:55:43.074093+00:00 DEBUG 'ansible_navigator.main' pip==20.2.4 /usr/lib/python3.9/site-packages
2024-05-18T01:55:43.074111+00:00 DEBUG 'ansible_navigator.main' ply==3.11 /usr/lib/python3.9/site-packages
2024-05-18T01:55:43.074139+00:00 DEBUG 'ansible_navigator.main' ptyprocess==0.6.0 /usr/lib/python3.9/site-packages
2024-05-18T01:55:43.074159+00:00 DEBUG 'ansible_navigator.main' pycodestyle==2.7.0 /usr/lib/python3.9/site-packages
2024-05-18T01:55:43.074178+00:00 DEBUG 'ansible_navigator.main' pycparser==2.20 /usr/lib/python3.9/site-packages
2024-05-18T01:55:43.074197+00:00 DEBUG 'ansible_navigator.main' pyflakes==2.3.1 /usr/lib/python3.9/site-packages
2024-05-18T01:55:43.074215+00:00 DEBUG 'ansible_navigator.main' pygments==2.11.2 /usr/lib/python3.9/site-packages
2024-05-18T01:55:43.074234+00:00 DEBUG 'ansible_navigator.main' pyparsing==2.4.7 /usr/lib/python3.9/site-packages
2024-05-18T01:55:43.074253+00:00 DEBUG 'ansible_navigator.main' pyrsistent==0.18.1 /usr/lib64/python3.9/site-packages
2024-05-18T01:55:43.074271+00:00 DEBUG 'ansible_navigator.main' python-daemon==2.3.0 /usr/lib/python3.9/site-packages
2024-05-18T01:55:43.074291+00:00 DEBUG 'ansible_navigator.main' pyyaml==5.4.1 /usr/lib64/python3.9/site-packages
2024-05-18T01:55:43.074323+00:00 DEBUG 'ansible_navigator.main' requirements-parser==0.2.0 /usr/lib/python3.9/site-packages
2024-05-18T01:55:43.074355+00:00 DEBUG 'ansible_navigator.main' resolvelib==0.5.4 /usr/lib/python3.9/site-packages
2024-05-18T01:55:43.074375+00:00 DEBUG 'ansible_navigator.main' rich==12.0.0 /usr/lib/python3.9/site-packages
2024-05-18T01:55:43.074394+00:00 DEBUG 'ansible_navigator.main' ruamel.yaml.clib==0.2.6 /usr/lib64/python3.9/site-packages
2024-05-18T01:55:43.074413+00:00 DEBUG 'ansible_navigator.main' ruamel.yaml==0.17.21 /usr/lib/python3.9/site-packages
2024-05-18T01:55:43.074431+00:00 DEBUG 'ansible_navigator.main' setuptools==50.3.2 /usr/lib/python3.9/site-packages
2024-05-18T01:55:43.074450+00:00 DEBUG 'ansible_navigator.main' six==1.15.0 /usr/lib/python3.9/site-packages
2024-05-18T01:55:43.074469+00:00 DEBUG 'ansible_navigator.main' subprocess-tee==0.3.5 /usr/lib/python3.9/site-packages
2024-05-18T01:55:43.074487+00:00 DEBUG 'ansible_navigator.main' typing-extensions==3.10.0.2 /usr/lib/python3.9/site-packages
2024-05-18T01:55:43.074507+00:00 DEBUG 'ansible_navigator.main' wcmatch==8.3 /usr/lib/python3.9/site-packages
2024-05-18T01:55:43.074525+00:00 DEBUG 'ansible_navigator.main' yamllint==1.26.3 /usr/lib/python3.9/site-packages
2024-05-18T01:55:43.074544+00:00 DEBUG 'ansible_navigator.main' zipp==3.4.0 /usr/lib/python3.9/site-packages
2024-05-18T01:55:43.074563+00:00 DEBUG 'ansible_navigator.main' Share directory '/usr/lib/python3.9/share/ansible_navigator' not found (development path)
2024-05-18T01:55:43.074583+00:00 DEBUG 'ansible_navigator.main' Share directory '/home/student/.local/share/ansible_navigator' not found (userbase)
2024-05-18T01:55:43.074602+00:00 DEBUG 'ansible_navigator.main' Share directory '/usr/share/ansible_navigator' found (sys.prefix)
2024-05-18T01:55:43.074621+00:00 DEBUG 'ansible_navigator.main' Default collection_doc_cache_path set to: /home/student/.cache/ansible-navigator/collection_doc_cache.db
2024-05-18T01:55:43.074641+00:00 DEBUG 'ansible_navigator.main' EDITOR environment variable not set
2024-05-18T01:55:43.074660+00:00 DEBUG 'ansible_navigator.main' Default editor_command set to: vi +{line_number} {filename}
2024-05-18T01:55:43.074678+00:00 DEBUG 'ansible_navigator.main' No config file set by ANSIBLE_NAVIGATOR_CONFIG
2024-05-18T01:55:43.074706+00:00 DEBUG 'ansible_navigator.main' Looking in /home/student
2024-05-18T01:55:43.074729+00:00 DEBUG 'ansible_navigator.main' Looking for '/home/student/.ansible-navigator.yml', '/home/student/.ansible-navigator.yaml' and '/home/student/.ansible-navigator.json'
2024-05-18T01:55:43.074749+00:00 DEBUG 'ansible_navigator.main' Found 0: 
2024-05-18T01:55:43.074768+00:00 DEBUG 'ansible_navigator.main' Looking in /home/student/build
2024-05-18T01:55:43.074787+00:00 DEBUG 'ansible_navigator.main' Looking for '/home/student/build/ansible-navigator.yml', '/home/student/build/ansible-navigator.yaml' and '/home/student/build/ansible-navigator.json'
2024-05-18T01:55:43.074807+00:00 DEBUG 'ansible_navigator.main' Found 1: '/home/student/build/ansible-navigator.yml'
2024-05-18T01:55:43.074830+00:00 DEBUG 'ansible_navigator.main' All found 1: '/home/student/build/ansible-navigator.yml'
2024-05-18T01:55:43.074848+00:00 DEBUG 'ansible_navigator.main' Using: /home/student/build/ansible-navigator.yml
2024-05-18T01:55:43.074867+00:00 DEBUG 'ansible_navigator.main' Using settings file at /home/student/build/ansible-navigator.yml in search path
2024-05-18T01:55:43.074886+00:00 DEBUG 'ansible_navigator.main' Command provided: 'doc'
2024-05-18T01:55:43.074905+00:00 DEBUG 'ansible_navigator.main' ansible-navigator.ansible-runner.artifact-dir not found in settings file
2024-05-18T01:55:43.074924+00:00 DEBUG 'ansible_navigator.main' ansible-navigator.ansible-runner.rotate-artifacts-count not found in settings file
2024-05-18T01:55:43.074942+00:00 DEBUG 'ansible_navigator.main' ansible-navigator.ansible-runner.timeout not found in settings file
2024-05-18T01:55:43.074961+00:00 DEBUG 'ansible_navigator.main' ansible-navigator.app not found in settings file
2024-05-18T01:55:43.074980+00:00 DEBUG 'ansible_navigator.main' ansible-navigator.ansible.cmdline not found in settings file
2024-05-18T01:55:43.074999+00:00 DEBUG 'ansible_navigator.main' ansible-navigator.collection-doc-cache-path not found in settings file
2024-05-18T01:55:43.075017+00:00 DEBUG 'ansible_navigator.main' ansible-navigator.ansible.config.path not found in settings file
2024-05-18T01:55:43.075036+00:00 DEBUG 'ansible_navigator.main' ansible-navigator.execution-environment.container-engine not found in settings file
2024-05-18T01:55:43.075055+00:00 DEBUG 'ansible_navigator.main' ansible-navigator.execution-environment.container-options not found in settings file
2024-05-18T01:55:43.075073+00:00 DEBUG 'ansible_navigator.main' ansible-navigator.color.enable not found in settings file
2024-05-18T01:55:43.075092+00:00 DEBUG 'ansible_navigator.main' ansible-navigator.editor.command not found in settings file
2024-05-18T01:55:43.075111+00:00 DEBUG 'ansible_navigator.main' ansible-navigator.editor.console not found in settings file
2024-05-18T01:55:43.075130+00:00 DEBUG 'ansible_navigator.main' ansible-navigator.exec.command not found in settings file
2024-05-18T01:55:43.075148+00:00 DEBUG 'ansible_navigator.main' ansible-navigator.exec.shell not found in settings file
2024-05-18T01:55:43.075167+00:00 DEBUG 'ansible_navigator.main' ansible-navigator.execution-environment.enabled not found in settings file
2024-05-18T01:55:43.075185+00:00 DEBUG 'ansible_navigator.main' ansible-navigator.execution-environment.volume-mounts not found in settings file
2024-05-18T01:55:43.075204+00:00 DEBUG 'ansible_navigator.main' ansible-navigator.ansible-builder.help not found in settings file
2024-05-18T01:55:43.075223+00:00 DEBUG 'ansible_navigator.main' ansible-navigator.ansible.config.help not found in settings file
2024-05-18T01:55:43.075242+00:00 DEBUG 'ansible_navigator.main' ansible-navigator.ansible.doc.help not found in settings file
2024-05-18T01:55:43.075261+00:00 DEBUG 'ansible_navigator.main' ansible-navigator.ansible.inventory.help not found in settings file
2024-05-18T01:55:43.075279+00:00 DEBUG 'ansible_navigator.main' ansible-navigator.ansible.playbook.help not found in settings file
2024-05-18T01:55:43.075298+00:00 DEBUG 'ansible_navigator.main' ansible-navigator.images.details not found in settings file
2024-05-18T01:55:43.075329+00:00 DEBUG 'ansible_navigator.main' ansible-navigator.ansible.inventory.entries not found in settings file
2024-05-18T01:55:43.075348+00:00 DEBUG 'ansible_navigator.main' ansible-navigator.inventory-columns not found in settings file
2024-05-18T01:55:43.075367+00:00 DEBUG 'ansible_navigator.main' ansible-navigator.ansible-lint.config not found in settings file
2024-05-18T01:55:43.075386+00:00 DEBUG 'ansible_navigator.main' ansible-navigator.ansible-lint.lintables not found in settings file
2024-05-18T01:55:43.075405+00:00 DEBUG 'ansible_navigator.main' ansible-navigator.logging.append not found in settings file
2024-05-18T01:55:43.075423+00:00 DEBUG 'ansible_navigator.main' ansible-navigator.logging.file not found in settings file
2024-05-18T01:55:43.075445+00:00 DEBUG 'ansible_navigator.main' ansible-navigator.logging.level not found in settings file
2024-05-18T01:55:43.075464+00:00 DEBUG 'ansible_navigator.main' ansible-navigator.color.osc4 not found in settings file
2024-05-18T01:55:43.075483+00:00 DEBUG 'ansible_navigator.main' ansible-navigator.execution-environment.environment-variables.pass not found in settings file
2024-05-18T01:55:43.075502+00:00 DEBUG 'ansible_navigator.main' ansible-navigator.ansible.playbook.path not found in settings file
2024-05-18T01:55:43.075521+00:00 DEBUG 'ansible_navigator.main' ansible-navigator.playbook-artifact.replay not found in settings file
2024-05-18T01:55:43.075540+00:00 DEBUG 'ansible_navigator.main' ansible-navigator.playbook-artifact.save-as not found in settings file
2024-05-18T01:55:43.075558+00:00 DEBUG 'ansible_navigator.main' ansible-navigator.ansible.doc.plugin.name not found in settings file
2024-05-18T01:55:43.075577+00:00 DEBUG 'ansible_navigator.main' ansible-navigator.ansible.doc.plugin.type not found in settings file
2024-05-18T01:55:43.075596+00:00 DEBUG 'ansible_navigator.main' ansible-navigator.execution-environment.pull.arguments not found in settings file
2024-05-18T01:55:43.075614+00:00 DEBUG 'ansible_navigator.main' ansible-navigator.execution-environment.pull.policy not found in settings file
2024-05-18T01:55:43.075633+00:00 DEBUG 'ansible_navigator.main' ansible-navigator.execution-environment.environment-variables.set not found in settings file
2024-05-18T01:55:43.075652+00:00 DEBUG 'ansible_navigator.main' ansible-navigator.settings.effective not found in settings file
2024-05-18T01:55:43.075670+00:00 DEBUG 'ansible_navigator.main' ansible-navigator.settings.sample not found in settings file
2024-05-18T01:55:43.075688+00:00 DEBUG 'ansible_navigator.main' ansible-navigator.settings.schema not found in settings file
2024-05-18T01:55:43.075718+00:00 DEBUG 'ansible_navigator.main' ansible-navigator.settings.sources not found in settings file
2024-05-18T01:55:43.075737+00:00 DEBUG 'ansible_navigator.main' ansible-navigator.time-zone not found in settings file
2024-05-18T01:55:43.075756+00:00 DEBUG 'ansible_navigator.main' ansible-navigator.ansible-builder.workdir not found in settings file
2024-05-18T01:55:43.075775+00:00 DEBUG 'ansible_navigator.main' EE support enabled: using current working directory for 'ansible.cfg'
2024-05-18T01:55:43.075794+00:00 INFO 'ansible_navigator.main' EE support enabled: no 'ansible.cfg' found in current working directory. Tried /home/student/build/ansible.cfg
2024-05-18T01:55:43.075812+00:00 DEBUG 'ansible_navigator.main' Completed post processing for ansible_runner_artifact_dir. (changed=False)
2024-05-18T01:55:43.075831+00:00 DEBUG 'ansible_navigator.main' Completed post processing for ansible_runner_rotate_artifacts_count. (changed=False)
2024-05-18T01:55:43.075850+00:00 DEBUG 'ansible_navigator.main' Completed post processing for ansible_runner_timeout. (changed=False)
2024-05-18T01:55:43.075869+00:00 DEBUG 'ansible_navigator.main' Completed post processing for cmdline. (changed=False)
2024-05-18T01:55:43.075887+00:00 DEBUG 'ansible_navigator.main' Completed post processing for collection_doc_cache_path. (changed=False)
2024-05-18T01:55:43.075906+00:00 DEBUG 'ansible_navigator.main' Completed post processing for container_engine. (changed=True)
2024-05-18T01:55:43.075924+00:00 DEBUG 'ansible_navigator.main'  before: 'auto'
2024-05-18T01:55:43.075944+00:00 DEBUG 'ansible_navigator.main'  after: 'podman'
2024-05-18T01:55:43.075962+00:00 DEBUG 'ansible_navigator.main' Completed post processing for container_options. (changed=False)
2024-05-18T01:55:43.075981+00:00 DEBUG 'ansible_navigator.main' Completed post processing for display_color. (changed=False)
2024-05-18T01:55:43.075999+00:00 DEBUG 'ansible_navigator.main' Completed post processing for execution_environment. (changed=False)
2024-05-18T01:55:43.076018+00:00 DEBUG 'ansible_navigator.main' Completed post processing for execution_environment_image. (changed=False)
2024-05-18T01:55:43.076043+00:00 DEBUG 'ansible_navigator.main' Completed post processing for help_builder. (changed=False)
2024-05-18T01:55:43.076063+00:00 DEBUG 'ansible_navigator.main' Completed post processing for help_config. (changed=False)
2024-05-18T01:55:43.076082+00:00 DEBUG 'ansible_navigator.main' Completed post processing for help_doc. (changed=False)
2024-05-18T01:55:43.076100+00:00 DEBUG 'ansible_navigator.main' Completed post processing for help_inventory. (changed=False)
2024-05-18T01:55:43.076118+00:00 DEBUG 'ansible_navigator.main' Completed post processing for help_playbook. (changed=False)
2024-05-18T01:55:43.076138+00:00 DEBUG 'ansible_navigator.main' Completed post processing for images_details. (changed=False)
2024-05-18T01:55:43.076156+00:00 DEBUG 'ansible_navigator.main' Completed post processing for inventory. (changed=False)
2024-05-18T01:55:43.076174+00:00 DEBUG 'ansible_navigator.main' Completed post processing for inventory_column. (changed=False)
2024-05-18T01:55:43.076193+00:00 DEBUG 'ansible_navigator.main' Completed post processing for log_file. (changed=False)
2024-05-18T01:55:43.076211+00:00 DEBUG 'ansible_navigator.main' Completed post processing for pass_environment_variable. (changed=False)
2024-05-18T01:55:43.076230+00:00 DEBUG 'ansible_navigator.main' Completed post processing for playbook. (changed=False)
2024-05-18T01:55:43.076249+00:00 DEBUG 'ansible_navigator.main' Completed post processing for playbook_artifact_replay. (changed=False)
2024-05-18T01:55:43.076267+00:00 DEBUG 'ansible_navigator.main' Completed post processing for playbook_artifact_save_as. (changed=False)
2024-05-18T01:55:43.076285+00:00 DEBUG 'ansible_navigator.main' Completed post processing for plugin_name. (changed=False)
2024-05-18T01:55:43.076314+00:00 DEBUG 'ansible_navigator.main' Completed post processing for pull_arguments. (changed=False)
2024-05-18T01:55:43.076334+00:00 DEBUG 'ansible_navigator.main' Completed post processing for set_environment_variable. (changed=False)
2024-05-18T01:55:43.076353+00:00 DEBUG 'ansible_navigator.main' Completed post processing for settings_effective. (changed=False)
2024-05-18T01:55:43.076371+00:00 DEBUG 'ansible_navigator.main' Completed post processing for settings_sample. (changed=False)
2024-05-18T01:55:43.076390+00:00 DEBUG 'ansible_navigator.main' Completed post processing for settings_schema. (changed=False)
2024-05-18T01:55:43.076408+00:00 DEBUG 'ansible_navigator.main' Completed post processing for settings_sources. (changed=False)
2024-05-18T01:55:43.076427+00:00 DEBUG 'ansible_navigator.main' Completed post processing for time_zone. (changed=False)
2024-05-18T01:55:43.076445+00:00 DEBUG 'ansible_navigator.main' Completed post processing for execution_environment_volume_mounts. (changed=False)
2024-05-18T01:55:43.076464+00:00 DEBUG 'ansible_navigator.main' Completed post processing for mode. (changed=False)
2024-05-18T01:55:43.076487+00:00 WARNING 'ansible_navigator.main' Configuration errors encountered, rolling back to previous configuration.
2024-05-18T01:55:43.076506+00:00 DEBUG 'ansible_navigator.main' Prior to rollback: ansible_runner_artifact_dir = 'Not set' (Constants/Not set)
2024-05-18T01:55:43.076524+00:00 DEBUG 'ansible_navigator.main' Prior to rollback: ansible_runner_rotate_artifacts_count = 'Not set' (Constants/Not set)
2024-05-18T01:55:43.076543+00:00 DEBUG 'ansible_navigator.main' Prior to rollback: ansible_runner_timeout = 'Not set' (Constants/Not set)
2024-05-18T01:55:43.076562+00:00 DEBUG 'ansible_navigator.main' Prior to rollback: app = 'doc' (str/Command line)
2024-05-18T01:55:43.076580+00:00 DEBUG 'ansible_navigator.main' Prior to rollback: cmdline = 'Not set' (Constants/Not set)
2024-05-18T01:55:43.076599+00:00 DEBUG 'ansible_navigator.main' Prior to rollback: collection_doc_cache_path = '/home/student/.cache/ansible-navigator/collection_doc_cache.db' (str/Defaults)
2024-05-18T01:55:43.076618+00:00 DEBUG 'ansible_navigator.main' Prior to rollback: config = 'Not set' (Constants/Not set)
2024-05-18T01:55:43.076639+00:00 DEBUG 'ansible_navigator.main' Prior to rollback: container_engine = 'podman' (str/Automatically determined)
2024-05-18T01:55:43.076658+00:00 DEBUG 'ansible_navigator.main' Prior to rollback: container_options = 'Not set' (Constants/Not set)
2024-05-18T01:55:43.076686+00:00 DEBUG 'ansible_navigator.main' Prior to rollback: display_color = 'True' (bool/Defaults)
2024-05-18T01:55:43.076720+00:00 DEBUG 'ansible_navigator.main' Prior to rollback: editor_command = 'vi +{line_number} {filename}' (str/Defaults)
2024-05-18T01:55:43.076740+00:00 DEBUG 'ansible_navigator.main' Prior to rollback: editor_console = 'True' (bool/Defaults)
2024-05-18T01:55:43.076759+00:00 DEBUG 'ansible_navigator.main' Prior to rollback: exec_command = '/bin/bash' (str/Defaults)
2024-05-18T01:55:43.076778+00:00 DEBUG 'ansible_navigator.main' Prior to rollback: exec_shell = 'True' (bool/Defaults)
2024-05-18T01:55:43.076797+00:00 DEBUG 'ansible_navigator.main' Prior to rollback: execution_environment = 'True' (bool/Defaults)
2024-05-18T01:55:43.076815+00:00 DEBUG 'ansible_navigator.main' Prior to rollback: execution_environment_image = 'quay.io/joeroyall/ee-community:latest' (str/Settings file)
2024-05-18T01:55:43.076833+00:00 DEBUG 'ansible_navigator.main' Prior to rollback: execution_environment_volume_mounts = 'Not set' (Constants/Not set)
2024-05-18T01:55:43.076852+00:00 DEBUG 'ansible_navigator.main' Prior to rollback: help_builder = 'False' (bool/Defaults)
2024-05-18T01:55:43.076873+00:00 DEBUG 'ansible_navigator.main' Prior to rollback: help_config = 'False' (bool/Defaults)
2024-05-18T01:55:43.076903+00:00 DEBUG 'ansible_navigator.main' Prior to rollback: help_doc = 'False' (bool/Defaults)
2024-05-18T01:55:43.076928+00:00 DEBUG 'ansible_navigator.main' Prior to rollback: help_inventory = 'False' (bool/Defaults)
2024-05-18T01:55:43.076956+00:00 DEBUG 'ansible_navigator.main' Prior to rollback: help_playbook = 'False' (bool/Defaults)
2024-05-18T01:55:43.076983+00:00 DEBUG 'ansible_navigator.main' Prior to rollback: images_details = '['everything']' (list/Defaults)
2024-05-18T01:55:43.077009+00:00 DEBUG 'ansible_navigator.main' Prior to rollback: inventory = 'Not set' (Constants/Not set)
2024-05-18T01:55:43.077036+00:00 DEBUG 'ansible_navigator.main' Prior to rollback: inventory_column = 'Not set' (Constants/Not set)
2024-05-18T01:55:43.077055+00:00 DEBUG 'ansible_navigator.main' Prior to rollback: lint_config = 'Not set' (Constants/Not set)
2024-05-18T01:55:43.077074+00:00 DEBUG 'ansible_navigator.main' Prior to rollback: lintables = 'Not set' (Constants/Not set)
2024-05-18T01:55:43.077092+00:00 DEBUG 'ansible_navigator.main' Prior to rollback: log_append = 'True' (bool/Defaults)
2024-05-18T01:55:43.077111+00:00 DEBUG 'ansible_navigator.main' Prior to rollback: log_file = '/home/student/build/ansible-navigator.log' (str/Defaults)
2024-05-18T01:55:43.077129+00:00 DEBUG 'ansible_navigator.main' Prior to rollback: log_level = 'warning' (str/Defaults)
2024-05-18T01:55:43.077147+00:00 DEBUG 'ansible_navigator.main' Prior to rollback: mode = 'stdout' (str/Settings file)
2024-05-18T01:55:43.077166+00:00 DEBUG 'ansible_navigator.main' Prior to rollback: osc4 = 'True' (bool/Defaults)
2024-05-18T01:55:43.077184+00:00 DEBUG 'ansible_navigator.main' Prior to rollback: pass_environment_variable = 'Not set' (Constants/Not set)
2024-05-18T01:55:43.077202+00:00 DEBUG 'ansible_navigator.main' Prior to rollback: playbook = 'Not set' (Constants/Not set)
2024-05-18T01:55:43.077221+00:00 DEBUG 'ansible_navigator.main' Prior to rollback: playbook_artifact_enable = 'False' (bool/Settings file)
2024-05-18T01:55:43.077239+00:00 DEBUG 'ansible_navigator.main' Prior to rollback: playbook_artifact_replay = 'Not set' (Constants/Not set)
2024-05-18T01:55:43.077257+00:00 DEBUG 'ansible_navigator.main' Prior to rollback: playbook_artifact_save_as = '{playbook_dir}/{playbook_name}-artifact-{time_stamp}.json' (str/Defaults)
2024-05-18T01:55:43.077286+00:00 DEBUG 'ansible_navigator.main' Prior to rollback: plugin_name = 'Not set' (Constants/Not set)
2024-05-18T01:55:43.077320+00:00 DEBUG 'ansible_navigator.main' Prior to rollback: plugin_type = 'module' (str/Defaults)
2024-05-18T01:55:43.077341+00:00 DEBUG 'ansible_navigator.main' Prior to rollback: pull_arguments = 'Not set' (Constants/Not set)
2024-05-18T01:55:43.077360+00:00 DEBUG 'ansible_navigator.main' Prior to rollback: pull_policy = 'tag' (str/Defaults)
2024-05-18T01:55:43.077378+00:00 DEBUG 'ansible_navigator.main' Prior to rollback: set_environment_variable = 'Not set' (Constants/Not set)
2024-05-18T01:55:43.077397+00:00 DEBUG 'ansible_navigator.main' Prior to rollback: settings_effective = 'False' (bool/Defaults)
2024-05-18T01:55:43.077415+00:00 DEBUG 'ansible_navigator.main' Prior to rollback: settings_sample = 'False' (bool/Defaults)
2024-05-18T01:55:43.077434+00:00 DEBUG 'ansible_navigator.main' Prior to rollback: settings_schema = 'json' (str/Defaults)
2024-05-18T01:55:43.077452+00:00 DEBUG 'ansible_navigator.main' Prior to rollback: settings_sources = 'False' (bool/Defaults)
2024-05-18T01:55:43.077471+00:00 DEBUG 'ansible_navigator.main' Prior to rollback: time_zone = 'UTC' (str/Defaults)
2024-05-18T01:55:43.077489+00:00 DEBUG 'ansible_navigator.main' Prior to rollback: workdir = '/home/student/build' (str/Defaults)
2024-05-18T01:55:43.077508+00:00 DEBUG 'ansible_navigator.main' After rollback: ansible_runner_artifact_dir = 'Not set' (Constants/Not set)
2024-05-18T01:55:43.077527+00:00 DEBUG 'ansible_navigator.main' After rollback: ansible_runner_rotate_artifacts_count = 'Not set' (Constants/Not set)
2024-05-18T01:55:43.077545+00:00 DEBUG 'ansible_navigator.main' After rollback: ansible_runner_timeout = 'Not set' (Constants/Not set)
2024-05-18T01:55:43.077564+00:00 DEBUG 'ansible_navigator.main' After rollback: app = 'Not set' (Constants/Not set)
2024-05-18T01:55:43.077583+00:00 DEBUG 'ansible_navigator.main' After rollback: cmdline = 'Not set' (Constants/Not set)
2024-05-18T01:55:43.077601+00:00 DEBUG 'ansible_navigator.main' After rollback: collection_doc_cache_path = 'Not set' (Constants/Not set)
2024-05-18T01:55:43.077620+00:00 DEBUG 'ansible_navigator.main' After rollback: config = 'Not set' (Constants/Not set)
2024-05-18T01:55:43.077639+00:00 DEBUG 'ansible_navigator.main' After rollback: container_engine = 'Not set' (Constants/Not set)
2024-05-18T01:55:43.077658+00:00 DEBUG 'ansible_navigator.main' After rollback: container_options = 'Not set' (Constants/Not set)
2024-05-18T01:55:43.077676+00:00 DEBUG 'ansible_navigator.main' After rollback: display_color = 'Not set' (Constants/Not set)
2024-05-18T01:55:43.077704+00:00 DEBUG 'ansible_navigator.main' After rollback: editor_command = 'Not set' (Constants/Not set)
2024-05-18T01:55:43.077726+00:00 DEBUG 'ansible_navigator.main' After rollback: editor_console = 'Not set' (Constants/Not set)
2024-05-18T01:55:43.077745+00:00 DEBUG 'ansible_navigator.main' After rollback: exec_command = 'Not set' (Constants/Not set)
2024-05-18T01:55:43.077764+00:00 DEBUG 'ansible_navigator.main' After rollback: exec_shell = 'Not set' (Constants/Not set)
2024-05-18T01:55:43.077783+00:00 DEBUG 'ansible_navigator.main' After rollback: execution_environment = 'Not set' (Constants/Not set)
2024-05-18T01:55:43.077801+00:00 DEBUG 'ansible_navigator.main' After rollback: execution_environment_image = 'Not set' (Constants/Not set)
2024-05-18T01:55:43.077819+00:00 DEBUG 'ansible_navigator.main' After rollback: execution_environment_volume_mounts = 'Not set' (Constants/Not set)
2024-05-18T01:55:43.077838+00:00 DEBUG 'ansible_navigator.main' After rollback: help_builder = 'Not set' (Constants/Not set)
2024-05-18T01:55:43.077857+00:00 DEBUG 'ansible_navigator.main' After rollback: help_config = 'Not set' (Constants/Not set)
2024-05-18T01:55:43.077875+00:00 DEBUG 'ansible_navigator.main' After rollback: help_doc = 'Not set' (Constants/Not set)
2024-05-18T01:55:43.077894+00:00 DEBUG 'ansible_navigator.main' After rollback: help_inventory = 'Not set' (Constants/Not set)
2024-05-18T01:55:43.077912+00:00 DEBUG 'ansible_navigator.main' After rollback: help_playbook = 'Not set' (Constants/Not set)
2024-05-18T01:55:43.077934+00:00 DEBUG 'ansible_navigator.main' After rollback: images_details = 'Not set' (Constants/Not set)
2024-05-18T01:55:43.077953+00:00 DEBUG 'ansible_navigator.main' After rollback: inventory = 'Not set' (Constants/Not set)
2024-05-18T01:55:43.077971+00:00 DEBUG 'ansible_navigator.main' After rollback: inventory_column = 'Not set' (Constants/Not set)
2024-05-18T01:55:43.077989+00:00 DEBUG 'ansible_navigator.main' After rollback: lint_config = 'Not set' (Constants/Not set)
2024-05-18T01:55:43.078007+00:00 DEBUG 'ansible_navigator.main' After rollback: lintables = 'Not set' (Constants/Not set)
2024-05-18T01:55:43.078026+00:00 DEBUG 'ansible_navigator.main' After rollback: log_append = 'Not set' (Constants/Not set)
2024-05-18T01:55:43.078045+00:00 DEBUG 'ansible_navigator.main' After rollback: log_file = 'Not set' (Constants/Not set)
2024-05-18T01:55:43.078063+00:00 DEBUG 'ansible_navigator.main' After rollback: log_level = 'Not set' (Constants/Not set)
2024-05-18T01:55:43.078082+00:00 DEBUG 'ansible_navigator.main' After rollback: mode = 'Not set' (Constants/Not set)
2024-05-18T01:55:43.078100+00:00 DEBUG 'ansible_navigator.main' After rollback: osc4 = 'Not set' (Constants/Not set)
2024-05-18T01:55:43.078119+00:00 DEBUG 'ansible_navigator.main' After rollback: pass_environment_variable = 'Not set' (Constants/Not set)
2024-05-18T01:55:43.078137+00:00 DEBUG 'ansible_navigator.main' After rollback: playbook = 'Not set' (Constants/Not set)
2024-05-18T01:55:43.078156+00:00 DEBUG 'ansible_navigator.main' After rollback: playbook_artifact_enable = 'Not set' (Constants/Not set)
2024-05-18T01:55:43.078174+00:00 DEBUG 'ansible_navigator.main' After rollback: playbook_artifact_replay = 'Not set' (Constants/Not set)
2024-05-18T01:55:43.078192+00:00 DEBUG 'ansible_navigator.main' After rollback: playbook_artifact_save_as = 'Not set' (Constants/Not set)
2024-05-18T01:55:43.078210+00:00 DEBUG 'ansible_navigator.main' After rollback: plugin_name = 'Not set' (Constants/Not set)
2024-05-18T01:55:43.078229+00:00 DEBUG 'ansible_navigator.main' After rollback: plugin_type = 'Not set' (Constants/Not set)
2024-05-18T01:55:43.078247+00:00 DEBUG 'ansible_navigator.main' After rollback: pull_arguments = 'Not set' (Constants/Not set)
2024-05-18T01:55:43.078265+00:00 DEBUG 'ansible_navigator.main' After rollback: pull_policy = 'Not set' (Constants/Not set)
2024-05-18T01:55:43.078284+00:00 DEBUG 'ansible_navigator.main' After rollback: set_environment_variable = 'Not set' (Constants/Not set)
2024-05-18T01:55:43.078302+00:00 DEBUG 'ansible_navigator.main' After rollback: settings_effective = 'Not set' (Constants/Not set)
2024-05-18T01:55:43.078343+00:00 DEBUG 'ansible_navigator.main' After rollback: settings_sample = 'Not set' (Constants/Not set)
2024-05-18T01:55:43.078364+00:00 DEBUG 'ansible_navigator.main' After rollback: settings_schema = 'Not set' (Constants/Not set)
2024-05-18T01:55:43.078383+00:00 DEBUG 'ansible_navigator.main' After rollback: settings_sources = 'Not set' (Constants/Not set)
2024-05-18T01:55:43.078401+00:00 DEBUG 'ansible_navigator.main' After rollback: time_zone = 'Not set' (Constants/Not set)
2024-05-18T01:55:43.078419+00:00 DEBUG 'ansible_navigator.main' After rollback: workdir = 'Not set' (Constants/Not set)
2024-05-18T01:55:43.078438+00:00 DEBUG 'ansible_navigator.main' Configuration rollback complete.
2024-05-18T01:55:43.078457+00:00 DEBUG 'ansible_navigator.main' Collection doc cache not mounted
2024-05-18T01:55:43.078494+00:00 WARNING 'ansible_navigator.main' Issues were found while applying the settings.
2024-05-18T01:55:43.078516+00:00 INFO 'ansible_navigator.main' Command provided: 'doc'
2024-05-18T01:55:43.078542+00:00 ERROR 'ansible_navigator.main' A plugin name or other parameter is required when using the doc subcommand
2024-05-18T01:55:43.078563+00:00 INFO 'ansible_navigator.main' Try again with 'doc <plugin_name>'
2024-05-18T01:55:43.078583+00:00 INFO 'ansible_navigator.main' Configuration failed, using default log file location. (/home/student/build/ansible-navigator.log) Log level set to debug
2024-05-18T01:55:43.078609+00:00 INFO 'ansible_navigator.main' Review the hints and log file to see what went wrong.
2024-05-18T01:57:48.248713+00:00 CRITICAL 'ansible_navigator.actions.run_895c._handle_message' Unhandled message from runner queue, discarded: {'event': 'verbose', 'uuid': '0b4f2a66-ddab-4708-99bb-f13d0b9d8cfd', 'counter': 1, 'stdout': '\x1b[1;35m[WARNING]: No inventory was parsed, only implicit localhost is available\x1b[0m', 'start_line': 0, 'end_line': 1, 'runner_ident': '18ab46ed-dbd1-468e-9240-112c8166f8db', 'created': '2024-05-18T01:57:48.248147'}
2024-05-18T01:57:48.250065+00:00 CRITICAL 'ansible_navigator.actions.run_895c._handle_message' Unhandled message from runner queue, discarded: {'event': 'verbose', 'uuid': 'f5b31f8e-4a4d-4e33-9182-aeb8df52b62b', 'counter': 2, 'stdout': "\x1b[1;35m[WARNING]: error in 'jsonfile' cache plugin while trying to create cache dir\x1b[0m", 'start_line': 1, 'end_line': 2, 'runner_ident': '18ab46ed-dbd1-468e-9240-112c8166f8db', 'created': '2024-05-18T01:57:48.249780'}
2024-05-18T01:57:48.353107+00:00 CRITICAL 'ansible_navigator.actions.run_895c._handle_message' Unhandled message from runner queue, discarded: {'event': 'verbose', 'uuid': '6d114557-d815-48a8-96b1-b73b9be2a98c', 'counter': 3, 'stdout': '\x1b[1;35m/runner/artifacts/18ab46ed-dbd1-468e-9240-112c8166f8db/fact_cache : b"[Errno\x1b[0m', 'start_line': 2, 'end_line': 3, 'runner_ident': '18ab46ed-dbd1-468e-9240-112c8166f8db', 'created': '2024-05-18T01:57:48.251233'}
2024-05-18T01:57:48.353417+00:00 CRITICAL 'ansible_navigator.actions.run_895c._handle_message' Unhandled message from runner queue, discarded: {'event': 'verbose', 'uuid': '6e49d37c-fbf5-43be-a8a5-cfb9a26ecf3c', 'counter': 4, 'stdout': '\x1b[1;35m13] Permission denied: \'/runner/artifacts\'"\x1b[0m', 'start_line': 3, 'end_line': 4, 'runner_ident': '18ab46ed-dbd1-468e-9240-112c8166f8db', 'created': '2024-05-18T01:57:48.251453'}
2024-05-18T01:57:48.353499+00:00 CRITICAL 'ansible_navigator.actions.run_895c._handle_message' Unhandled message from runner queue, discarded: {'event': 'verbose', 'uuid': 'e5fdafc0-ed26-441a-8777-ae5d4f8a667e', 'counter': 5, 'stdout': '\x1b[1;35m[WARNING]: provided hosts list is empty, only localhost is available. Note that\x1b[0m', 'start_line': 4, 'end_line': 5, 'runner_ident': '18ab46ed-dbd1-468e-9240-112c8166f8db', 'created': '2024-05-18T01:57:48.251535'}
2024-05-18T01:57:48.353555+00:00 CRITICAL 'ansible_navigator.actions.run_895c._handle_message' Unhandled message from runner queue, discarded: {'event': 'verbose', 'uuid': '44009d2c-bad5-4e51-9723-7c5b4b350a49', 'counter': 6, 'stdout': "\x1b[1;35mthe implicit localhost does not match 'all'\x1b[0m", 'start_line': 5, 'end_line': 6, 'runner_ident': '18ab46ed-dbd1-468e-9240-112c8166f8db', 'created': '2024-05-18T01:57:48.251589'}
2024-05-18T01:57:48.353604+00:00 CRITICAL 'ansible_navigator.actions.run_895c._handle_message' Unhandled message from runner queue, discarded: {'event': 'verbose', 'uuid': 'e4778375-4a0e-4c8a-8254-649db87ef03c', 'counter': 7, 'stdout': '\x1b[0;31mERROR! Invalid callback for stdout specified: awx_display\x1b[0m', 'start_line': 6, 'end_line': 7, 'runner_ident': '18ab46ed-dbd1-468e-9240-112c8166f8db', 'created': '2024-05-18T01:57:48.317371'}
2024-05-18T03:17:19.592781+00:00 WARNING 'ansible_navigator.run' Dirty exit, killing the pid
